<?xml version="1.0" encoding="UTF-8"?>
<testsuite xmlns:xsi="http://www.w3.org/2001/XMLSchema-instance" xsi:noNamespaceSchemaLocation="https://maven.apache.org/surefire/maven-surefire-plugin/xsd/surefire-test-report.xsd" name="com.ss.PoiTest" time="2.194" tests="5" errors="1" skipped="0" failures="0">
  <properties>
    <property name="sun.desktop" value="windows"/>
    <property name="awt.toolkit" value="sun.awt.windows.WToolkit"/>
    <property name="file.encoding.pkg" value="sun.io"/>
    <property name="java.specification.version" value="1.8"/>
    <property name="sun.cpu.isalist" value="amd64"/>
    <property name="sun.jnu.encoding" value="GBK"/>
    <property name="java.class.path" value="D:\haikeyi\Bcc_Work\name\yingxue\target\test-classes;D:\haikeyi\Bcc_Work\name\yingxue\target\classes;D:\Maven\maven\org\springframework\boot\spring-boot-starter-web\2.1.6.RELEASE\spring-boot-starter-web-2.1.6.RELEASE.jar;D:\Maven\maven\org\springframework\boot\spring-boot-starter\2.1.6.RELEASE\spring-boot-starter-2.1.6.RELEASE.jar;D:\Maven\maven\org\springframework\boot\spring-boot\2.1.6.RELEASE\spring-boot-2.1.6.RELEASE.jar;D:\Maven\maven\org\springframework\boot\spring-boot-autoconfigure\2.1.6.RELEASE\spring-boot-autoconfigure-2.1.6.RELEASE.jar;D:\Maven\maven\org\springframework\boot\spring-boot-starter-logging\2.1.6.RELEASE\spring-boot-starter-logging-2.1.6.RELEASE.jar;D:\Maven\maven\ch\qos\logback\logback-classic\1.2.3\logback-classic-1.2.3.jar;D:\Maven\maven\ch\qos\logback\logback-core\1.2.3\logback-core-1.2.3.jar;D:\Maven\maven\org\apache\logging\log4j\log4j-to-slf4j\2.11.2\log4j-to-slf4j-2.11.2.jar;D:\Maven\maven\org\apache\logging\log4j\log4j-api\2.11.2\log4j-api-2.11.2.jar;D:\Maven\maven\org\slf4j\jul-to-slf4j\1.7.26\jul-to-slf4j-1.7.26.jar;D:\Maven\maven\javax\annotation\javax.annotation-api\1.3.2\javax.annotation-api-1.3.2.jar;D:\Maven\maven\org\yaml\snakeyaml\1.23\snakeyaml-1.23.jar;D:\Maven\maven\org\springframework\boot\spring-boot-starter-json\2.1.6.RELEASE\spring-boot-starter-json-2.1.6.RELEASE.jar;D:\Maven\maven\com\fasterxml\jackson\datatype\jackson-datatype-jdk8\2.9.9\jackson-datatype-jdk8-2.9.9.jar;D:\Maven\maven\com\fasterxml\jackson\datatype\jackson-datatype-jsr310\2.9.9\jackson-datatype-jsr310-2.9.9.jar;D:\Maven\maven\com\fasterxml\jackson\module\jackson-module-parameter-names\2.9.9\jackson-module-parameter-names-2.9.9.jar;D:\Maven\maven\org\springframework\boot\spring-boot-starter-tomcat\2.1.6.RELEASE\spring-boot-starter-tomcat-2.1.6.RELEASE.jar;D:\Maven\maven\org\apache\tomcat\embed\tomcat-embed-websocket\9.0.21\tomcat-embed-websocket-9.0.21.jar;D:\Maven\maven\org\hibernate\validator\hibernate-validator\6.0.17.Final\hibernate-validator-6.0.17.Final.jar;D:\Maven\maven\org\jboss\logging\jboss-logging\3.3.2.Final\jboss-logging-3.3.2.Final.jar;D:\Maven\maven\com\fasterxml\classmate\1.4.0\classmate-1.4.0.jar;D:\Maven\maven\org\springframework\spring-web\5.1.8.RELEASE\spring-web-5.1.8.RELEASE.jar;D:\Maven\maven\org\springframework\spring-beans\5.1.8.RELEASE\spring-beans-5.1.8.RELEASE.jar;D:\Maven\maven\org\springframework\spring-webmvc\5.1.8.RELEASE\spring-webmvc-5.1.8.RELEASE.jar;D:\Maven\maven\org\springframework\spring-context\5.1.8.RELEASE\spring-context-5.1.8.RELEASE.jar;D:\Maven\maven\org\springframework\spring-expression\5.1.8.RELEASE\spring-expression-5.1.8.RELEASE.jar;D:\Maven\maven\org\springframework\boot\spring-boot-starter-test\2.1.6.RELEASE\spring-boot-starter-test-2.1.6.RELEASE.jar;D:\Maven\maven\org\springframework\boot\spring-boot-test\2.1.6.RELEASE\spring-boot-test-2.1.6.RELEASE.jar;D:\Maven\maven\org\springframework\boot\spring-boot-test-autoconfigure\2.1.6.RELEASE\spring-boot-test-autoconfigure-2.1.6.RELEASE.jar;D:\Maven\maven\com\jayway\jsonpath\json-path\2.4.0\json-path-2.4.0.jar;D:\Maven\maven\net\minidev\json-smart\2.3\json-smart-2.3.jar;D:\Maven\maven\net\minidev\accessors-smart\1.2\accessors-smart-1.2.jar;D:\Maven\maven\org\ow2\asm\asm\5.0.4\asm-5.0.4.jar;D:\Maven\maven\junit\junit\4.12\junit-4.12.jar;D:\Maven\maven\org\assertj\assertj-core\3.11.1\assertj-core-3.11.1.jar;D:\Maven\maven\org\mockito\mockito-core\2.23.4\mockito-core-2.23.4.jar;D:\Maven\maven\net\bytebuddy\byte-buddy\1.9.13\byte-buddy-1.9.13.jar;D:\Maven\maven\net\bytebuddy\byte-buddy-agent\1.9.13\byte-buddy-agent-1.9.13.jar;D:\Maven\maven\org\objenesis\objenesis\2.6\objenesis-2.6.jar;D:\Maven\maven\org\hamcrest\hamcrest-core\1.3\hamcrest-core-1.3.jar;D:\Maven\maven\org\hamcrest\hamcrest-library\1.3\hamcrest-library-1.3.jar;D:\Maven\maven\org\skyscreamer\jsonassert\1.5.0\jsonassert-1.5.0.jar;D:\Maven\maven\com\vaadin\external\google\android-json\0.0.20131108.vaadin1\android-json-0.0.20131108.vaadin1.jar;D:\Maven\maven\org\springframework\spring-core\5.1.8.RELEASE\spring-core-5.1.8.RELEASE.jar;D:\Maven\maven\org\springframework\spring-jcl\5.1.8.RELEASE\spring-jcl-5.1.8.RELEASE.jar;D:\Maven\maven\org\springframework\spring-test\5.1.8.RELEASE\spring-test-5.1.8.RELEASE.jar;D:\Maven\maven\org\xmlunit\xmlunit-core\2.6.2\xmlunit-core-2.6.2.jar;D:\Maven\maven\org\projectlombok\lombok\1.18.8\lombok-1.18.8.jar;D:\Maven\maven\org\mybatis\spring\boot\mybatis-spring-boot-starter\1.3.2\mybatis-spring-boot-starter-1.3.2.jar;D:\Maven\maven\org\springframework\boot\spring-boot-starter-jdbc\2.1.6.RELEASE\spring-boot-starter-jdbc-2.1.6.RELEASE.jar;D:\Maven\maven\com\zaxxer\HikariCP\3.2.0\HikariCP-3.2.0.jar;D:\Maven\maven\org\springframework\spring-jdbc\5.1.8.RELEASE\spring-jdbc-5.1.8.RELEASE.jar;D:\Maven\maven\org\mybatis\spring\boot\mybatis-spring-boot-autoconfigure\1.3.2\mybatis-spring-boot-autoconfigure-1.3.2.jar;D:\Maven\maven\org\mybatis\mybatis-spring\1.3.2\mybatis-spring-1.3.2.jar;D:\Maven\maven\com\alibaba\druid\1.1.21\druid-1.1.21.jar;D:\Maven\maven\mysql\mysql-connector-java\5.1.47\mysql-connector-java-5.1.47.jar;D:\Maven\maven\org\mybatis\mybatis\3.4.6\mybatis-3.4.6.jar;D:\Maven\maven\org\apache\tomcat\embed\tomcat-embed-jasper\8.5.23\tomcat-embed-jasper-8.5.23.jar;D:\Maven\maven\org\apache\tomcat\embed\tomcat-embed-core\9.0.21\tomcat-embed-core-9.0.21.jar;D:\Maven\maven\org\apache\tomcat\tomcat-annotations-api\9.0.21\tomcat-annotations-api-9.0.21.jar;D:\Maven\maven\org\apache\tomcat\embed\tomcat-embed-el\9.0.21\tomcat-embed-el-9.0.21.jar;D:\Maven\maven\org\eclipse\jdt\ecj\3.12.3\ecj-3.12.3.jar;D:\Maven\maven\com\fasterxml\jackson\core\jackson-databind\2.9.8\jackson-databind-2.9.8.jar;D:\Maven\maven\com\fasterxml\jackson\core\jackson-annotations\2.9.0\jackson-annotations-2.9.0.jar;D:\Maven\maven\com\fasterxml\jackson\core\jackson-core\2.9.9\jackson-core-2.9.9.jar;D:\Maven\maven\jstl\jstl\1.2\jstl-1.2.jar;D:\Maven\maven\com\alibaba\fastjson\1.2.47\fastjson-1.2.47.jar;D:\Maven\maven\org\apache\commons\commons-lang3\3.6\commons-lang3-3.6.jar;D:\Maven\maven\commons-io\commons-io\2.6\commons-io-2.6.jar;D:\Maven\maven\commons-fileupload\commons-fileupload\1.3.3\commons-fileupload-1.3.3.jar;D:\Maven\maven\org\mybatis\generator\mybatis-generator-core\1.3.5\mybatis-generator-core-1.3.5.jar;D:\Maven\maven\tk\mybatis\mapper-spring-boot-starter\2.1.5\mapper-spring-boot-starter-2.1.5.jar;D:\Maven\maven\tk\mybatis\mapper-core\1.1.5\mapper-core-1.1.5.jar;D:\Maven\maven\javax\persistence\persistence-api\1.0\persistence-api-1.0.jar;D:\Maven\maven\tk\mybatis\mapper-base\1.1.5\mapper-base-1.1.5.jar;D:\Maven\maven\tk\mybatis\mapper-weekend\1.1.5\mapper-weekend-1.1.5.jar;D:\Maven\maven\tk\mybatis\mapper-spring\1.1.5\mapper-spring-1.1.5.jar;D:\Maven\maven\tk\mybatis\mapper-extra\1.1.5\mapper-extra-1.1.5.jar;D:\Maven\maven\tk\mybatis\mapper-spring-boot-autoconfigure\2.1.5\mapper-spring-boot-autoconfigure-2.1.5.jar;D:\Maven\maven\com\aliyun\oss\aliyun-sdk-oss\3.8.0\aliyun-sdk-oss-3.8.0.jar;D:\Maven\maven\org\apache\httpcomponents\httpclient\4.5.9\httpclient-4.5.9.jar;D:\Maven\maven\org\apache\httpcomponents\httpcore\4.4.11\httpcore-4.4.11.jar;D:\Maven\maven\commons-codec\commons-codec\1.11\commons-codec-1.11.jar;D:\Maven\maven\org\jdom\jdom\1.1\jdom-1.1.jar;D:\Maven\maven\org\codehaus\jettison\jettison\1.1\jettison-1.1.jar;D:\Maven\maven\stax\stax-api\1.0.1\stax-api-1.0.1.jar;D:\Maven\maven\com\aliyun\aliyun-java-sdk-ram\3.0.0\aliyun-java-sdk-ram-3.0.0.jar;D:\Maven\maven\com\aliyun\aliyun-java-sdk-sts\3.0.0\aliyun-java-sdk-sts-3.0.0.jar;D:\Maven\maven\com\aliyun\aliyun-java-sdk-ecs\4.2.0\aliyun-java-sdk-ecs-4.2.0.jar;D:\Maven\maven\org\bytedeco\javacv\0.8\javacv-0.8.jar;D:\Maven\maven\org\bytedeco\javacpp\0.8\javacpp-0.8.jar;D:\Maven\maven\org\bytedeco\javacpp-presets\opencv\2.4.9-0.8\opencv-2.4.9-0.8.jar;D:\Maven\maven\org\bytedeco\javacpp-presets\ffmpeg\2.2.1-0.8\ffmpeg-2.2.1-0.8.jar;D:\Maven\maven\org\bytedeco\javacpp-presets\flycapture\1.7.17-0.8\flycapture-1.7.17-0.8.jar;D:\Maven\maven\org\bytedeco\javacpp-presets\libdc1394\2.2.2-0.8\libdc1394-2.2.2-0.8.jar;D:\Maven\maven\org\bytedeco\javacpp-presets\libfreenect\0.4-0.8\libfreenect-0.4-0.8.jar;D:\Maven\maven\org\bytedeco\javacpp-presets\videoinput\0.200-0.8\videoinput-0.200-0.8.jar;D:\Maven\maven\org\bytedeco\javacpp-presets\artoolkitplus\2.3.0-0.8\artoolkitplus-2.3.0-0.8.jar;D:\Maven\maven\org\bytedeco\javacpp-presets\opencv\2.4.9-0.8\opencv-2.4.9-0.8-windows-x86_64.jar;D:\Maven\maven\org\bytedeco\javacpp-presets\ffmpeg\2.2.1-0.8\ffmpeg-2.2.1-0.8-windows-x86_64.jar;D:\Maven\maven\org\bytedeco\javacpp-presets\flycapture\1.7.17-0.8\flycapture-1.7.17-0.8-windows-x86_64.jar;D:\Maven\maven\org\bytedeco\javacpp-presets\libdc1394\2.2.2-0.8\libdc1394-2.2.2-0.8-windows-x86_64.jar;D:\Maven\maven\org\bytedeco\javacpp-presets\libfreenect\0.4-0.8\libfreenect-0.4-0.8-windows-x86_64.jar;D:\Maven\maven\org\bytedeco\javacpp-presets\videoinput\0.200-0.8\videoinput-0.200-0.8-windows-x86_64.jar;D:\Maven\maven\org\bytedeco\javacpp-presets\artoolkitplus\2.3.0-0.8\artoolkitplus-2.3.0-0.8-windows-x86_64.jar;D:\Maven\maven\com\aliyun\aliyun-java-sdk-core\4.0.6\aliyun-java-sdk-core-4.0.6.jar;D:\Maven\maven\com\google\code\gson\gson\2.8.5\gson-2.8.5.jar;D:\Maven\maven\javax\xml\bind\jaxb-api\2.3.1\jaxb-api-2.3.1.jar;D:\Maven\maven\javax\activation\javax.activation-api\1.2.0\javax.activation-api-1.2.0.jar;D:\Maven\maven\com\sun\xml\bind\jaxb-core\2.1.14\jaxb-core-2.1.14.jar;D:\Maven\maven\com\sun\xml\bind\jaxb-impl\2.1\jaxb-impl-2.1.jar;D:\Maven\maven\javax\activation\activation\1.1.1\activation-1.1.1.jar;D:\Maven\maven\com\aliyun\aliyun-java-sdk-dysmsapi\1.1.0\aliyun-java-sdk-dysmsapi-1.1.0.jar;D:\Maven\maven\cn\afterturn\easypoi-base\4.0.0\easypoi-base-4.0.0.jar;D:\Maven\maven\org\apache\poi\poi\4.0.0\poi-4.0.0.jar;D:\Maven\maven\org\apache\commons\commons-collections4\4.2\commons-collections4-4.2.jar;D:\Maven\maven\org\apache\poi\poi-ooxml\4.0.0\poi-ooxml-4.0.0.jar;D:\Maven\maven\org\apache\commons\commons-compress\1.18\commons-compress-1.18.jar;D:\Maven\maven\com\github\virtuald\curvesapi\1.04\curvesapi-1.04.jar;D:\Maven\maven\org\apache\poi\poi-ooxml-schemas\4.0.0\poi-ooxml-schemas-4.0.0.jar;D:\Maven\maven\org\apache\xmlbeans\xmlbeans\3.0.1\xmlbeans-3.0.1.jar;D:\Maven\maven\com\google\guava\guava\16.0.1\guava-16.0.1.jar;D:\Maven\maven\ognl\ognl\3.2.6\ognl-3.2.6.jar;D:\Maven\maven\org\javassist\javassist\3.20.0-GA\javassist-3.20.0-GA.jar;D:\Maven\maven\org\slf4j\slf4j-api\1.7.26\slf4j-api-1.7.26.jar;D:\Maven\maven\javax\validation\validation-api\2.0.1.Final\validation-api-2.0.1.Final.jar;D:\Maven\maven\cn\afterturn\easypoi-web\4.0.0\easypoi-web-4.0.0.jar;D:\Maven\maven\cn\afterturn\easypoi-annotation\4.0.0\easypoi-annotation-4.0.0.jar;D:\Maven\maven\org\springframework\boot\spring-boot-starter-data-redis\2.1.6.RELEASE\spring-boot-starter-data-redis-2.1.6.RELEASE.jar;D:\Maven\maven\org\springframework\data\spring-data-redis\2.1.9.RELEASE\spring-data-redis-2.1.9.RELEASE.jar;D:\Maven\maven\org\springframework\data\spring-data-keyvalue\2.1.9.RELEASE\spring-data-keyvalue-2.1.9.RELEASE.jar;D:\Maven\maven\org\springframework\spring-tx\5.1.8.RELEASE\spring-tx-5.1.8.RELEASE.jar;D:\Maven\maven\org\springframework\spring-oxm\5.1.8.RELEASE\spring-oxm-5.1.8.RELEASE.jar;D:\Maven\maven\org\springframework\spring-context-support\5.1.8.RELEASE\spring-context-support-5.1.8.RELEASE.jar;D:\Maven\maven\io\lettuce\lettuce-core\5.1.7.RELEASE\lettuce-core-5.1.7.RELEASE.jar;D:\Maven\maven\io\netty\netty-common\4.1.36.Final\netty-common-4.1.36.Final.jar;D:\Maven\maven\io\netty\netty-handler\4.1.36.Final\netty-handler-4.1.36.Final.jar;D:\Maven\maven\io\netty\netty-buffer\4.1.36.Final\netty-buffer-4.1.36.Final.jar;D:\Maven\maven\io\netty\netty-codec\4.1.36.Final\netty-codec-4.1.36.Final.jar;D:\Maven\maven\io\netty\netty-transport\4.1.36.Final\netty-transport-4.1.36.Final.jar;D:\Maven\maven\io\netty\netty-resolver\4.1.36.Final\netty-resolver-4.1.36.Final.jar;D:\Maven\maven\io\projectreactor\reactor-core\3.2.10.RELEASE\reactor-core-3.2.10.RELEASE.jar;D:\Maven\maven\org\reactivestreams\reactive-streams\1.0.2\reactive-streams-1.0.2.jar;D:\Maven\maven\org\springframework\boot\spring-boot-starter-aop\2.1.6.RELEASE\spring-boot-starter-aop-2.1.6.RELEASE.jar;D:\Maven\maven\org\springframework\spring-aop\5.1.8.RELEASE\spring-aop-5.1.8.RELEASE.jar;D:\Maven\maven\org\aspectj\aspectjweaver\1.9.4\aspectjweaver-1.9.4.jar;D:\Maven\maven\org\springframework\boot\spring-boot-starter-data-elasticsearch\2.1.6.RELEASE\spring-boot-starter-data-elasticsearch-2.1.6.RELEASE.jar;D:\Maven\maven\org\springframework\data\spring-data-elasticsearch\3.1.9.RELEASE\spring-data-elasticsearch-3.1.9.RELEASE.jar;D:\Maven\maven\org\springframework\data\spring-data-commons\2.1.9.RELEASE\spring-data-commons-2.1.9.RELEASE.jar;D:\Maven\maven\joda-time\joda-time\2.10.2\joda-time-2.10.2.jar;D:\Maven\maven\org\elasticsearch\client\transport\6.4.3\transport-6.4.3.jar;D:\Maven\maven\org\elasticsearch\elasticsearch\6.4.3\elasticsearch-6.4.3.jar;D:\Maven\maven\org\elasticsearch\elasticsearch-core\6.4.3\elasticsearch-core-6.4.3.jar;D:\Maven\maven\org\elasticsearch\elasticsearch-secure-sm\6.4.3\elasticsearch-secure-sm-6.4.3.jar;D:\Maven\maven\org\elasticsearch\elasticsearch-x-content\6.4.3\elasticsearch-x-content-6.4.3.jar;D:\Maven\maven\com\fasterxml\jackson\dataformat\jackson-dataformat-smile\2.9.9\jackson-dataformat-smile-2.9.9.jar;D:\Maven\maven\com\fasterxml\jackson\dataformat\jackson-dataformat-yaml\2.9.9\jackson-dataformat-yaml-2.9.9.jar;D:\Maven\maven\com\fasterxml\jackson\dataformat\jackson-dataformat-cbor\2.9.9\jackson-dataformat-cbor-2.9.9.jar;D:\Maven\maven\org\apache\lucene\lucene-core\7.4.0\lucene-core-7.4.0.jar;D:\Maven\maven\org\apache\lucene\lucene-analyzers-common\7.4.0\lucene-analyzers-common-7.4.0.jar;D:\Maven\maven\org\apache\lucene\lucene-backward-codecs\7.4.0\lucene-backward-codecs-7.4.0.jar;D:\Maven\maven\org\apache\lucene\lucene-grouping\7.4.0\lucene-grouping-7.4.0.jar;D:\Maven\maven\org\apache\lucene\lucene-highlighter\7.4.0\lucene-highlighter-7.4.0.jar;D:\Maven\maven\org\apache\lucene\lucene-join\7.4.0\lucene-join-7.4.0.jar;D:\Maven\maven\org\apache\lucene\lucene-memory\7.4.0\lucene-memory-7.4.0.jar;D:\Maven\maven\org\apache\lucene\lucene-misc\7.4.0\lucene-misc-7.4.0.jar;D:\Maven\maven\org\apache\lucene\lucene-queries\7.4.0\lucene-queries-7.4.0.jar;D:\Maven\maven\org\apache\lucene\lucene-queryparser\7.4.0\lucene-queryparser-7.4.0.jar;D:\Maven\maven\org\apache\lucene\lucene-sandbox\7.4.0\lucene-sandbox-7.4.0.jar;D:\Maven\maven\org\apache\lucene\lucene-spatial\7.4.0\lucene-spatial-7.4.0.jar;D:\Maven\maven\org\apache\lucene\lucene-spatial-extras\7.4.0\lucene-spatial-extras-7.4.0.jar;D:\Maven\maven\org\apache\lucene\lucene-spatial3d\7.4.0\lucene-spatial3d-7.4.0.jar;D:\Maven\maven\org\apache\lucene\lucene-suggest\7.4.0\lucene-suggest-7.4.0.jar;D:\Maven\maven\org\elasticsearch\elasticsearch-cli\6.4.3\elasticsearch-cli-6.4.3.jar;D:\Maven\maven\net\sf\jopt-simple\jopt-simple\5.0.2\jopt-simple-5.0.2.jar;D:\Maven\maven\com\carrotsearch\hppc\0.7.1\hppc-0.7.1.jar;D:\Maven\maven\com\tdunning\t-digest\3.2\t-digest-3.2.jar;D:\Maven\maven\org\hdrhistogram\HdrHistogram\2.1.9\HdrHistogram-2.1.9.jar;D:\Maven\maven\org\elasticsearch\jna\4.5.1\jna-4.5.1.jar;D:\Maven\maven\org\elasticsearch\plugin\reindex-client\6.4.3\reindex-client-6.4.3.jar;D:\Maven\maven\org\elasticsearch\client\elasticsearch-rest-client\6.4.3\elasticsearch-rest-client-6.4.3.jar;D:\Maven\maven\org\apache\httpcomponents\httpasyncclient\4.1.4\httpasyncclient-4.1.4.jar;D:\Maven\maven\org\apache\httpcomponents\httpcore-nio\4.4.11\httpcore-nio-4.4.11.jar;D:\Maven\maven\org\elasticsearch\plugin\lang-mustache-client\6.4.3\lang-mustache-client-6.4.3.jar;D:\Maven\maven\com\github\spullara\mustache\java\compiler\0.9.3\compiler-0.9.3.jar;D:\Maven\maven\org\elasticsearch\plugin\percolator-client\6.4.3\percolator-client-6.4.3.jar;D:\Maven\maven\org\elasticsearch\plugin\parent-join-client\6.4.3\parent-join-client-6.4.3.jar;D:\Maven\maven\org\elasticsearch\plugin\rank-eval-client\6.4.3\rank-eval-client-6.4.3.jar;D:\Maven\maven\org\elasticsearch\plugin\transport-netty4-client\6.4.3\transport-netty4-client-6.4.3.jar;D:\Maven\maven\io\netty\netty-codec-http\4.1.36.Final\netty-codec-http-4.1.36.Final.jar;D:\Maven\maven\io\goeasy\goeasy-sdk\0.3.8\goeasy-sdk-0.3.8.jar;"/>
    <property name="java.vm.vendor" value="Oracle Corporation"/>
    <property name="sun.arch.data.model" value="64"/>
    <property name="user.variant" value=""/>
    <property name="java.vendor.url" value="http://java.oracle.com/"/>
    <property name="user.timezone" value="Asia/Shanghai"/>
    <property name="java.vm.specification.version" value="1.8"/>
    <property name="os.name" value="Windows 10"/>
    <property name="user.country" value="CN"/>
    <property name="sun.java.launcher" value="SUN_STANDARD"/>
    <property name="sun.boot.library.path" value="C:\Program Files\Java\jdk1.8.0_121\jre\bin"/>
    <property name="sun.java.command" value="C:\Users\86184\AppData\Local\Temp\surefire5113086929970515710\surefirebooter957628058684526683.jar C:\Users\86184\AppData\Local\Temp\surefire5113086929970515710 2020-04-20T10-43-21_893-jvmRun1 surefire6736018014259582261tmp surefire_05742045602835167737tmp"/>
    <property name="surefire.test.class.path" value="D:\haikeyi\Bcc_Work\name\yingxue\target\test-classes;D:\haikeyi\Bcc_Work\name\yingxue\target\classes;D:\Maven\maven\org\springframework\boot\spring-boot-starter-web\2.1.6.RELEASE\spring-boot-starter-web-2.1.6.RELEASE.jar;D:\Maven\maven\org\springframework\boot\spring-boot-starter\2.1.6.RELEASE\spring-boot-starter-2.1.6.RELEASE.jar;D:\Maven\maven\org\springframework\boot\spring-boot\2.1.6.RELEASE\spring-boot-2.1.6.RELEASE.jar;D:\Maven\maven\org\springframework\boot\spring-boot-autoconfigure\2.1.6.RELEASE\spring-boot-autoconfigure-2.1.6.RELEASE.jar;D:\Maven\maven\org\springframework\boot\spring-boot-starter-logging\2.1.6.RELEASE\spring-boot-starter-logging-2.1.6.RELEASE.jar;D:\Maven\maven\ch\qos\logback\logback-classic\1.2.3\logback-classic-1.2.3.jar;D:\Maven\maven\ch\qos\logback\logback-core\1.2.3\logback-core-1.2.3.jar;D:\Maven\maven\org\apache\logging\log4j\log4j-to-slf4j\2.11.2\log4j-to-slf4j-2.11.2.jar;D:\Maven\maven\org\apache\logging\log4j\log4j-api\2.11.2\log4j-api-2.11.2.jar;D:\Maven\maven\org\slf4j\jul-to-slf4j\1.7.26\jul-to-slf4j-1.7.26.jar;D:\Maven\maven\javax\annotation\javax.annotation-api\1.3.2\javax.annotation-api-1.3.2.jar;D:\Maven\maven\org\yaml\snakeyaml\1.23\snakeyaml-1.23.jar;D:\Maven\maven\org\springframework\boot\spring-boot-starter-json\2.1.6.RELEASE\spring-boot-starter-json-2.1.6.RELEASE.jar;D:\Maven\maven\com\fasterxml\jackson\datatype\jackson-datatype-jdk8\2.9.9\jackson-datatype-jdk8-2.9.9.jar;D:\Maven\maven\com\fasterxml\jackson\datatype\jackson-datatype-jsr310\2.9.9\jackson-datatype-jsr310-2.9.9.jar;D:\Maven\maven\com\fasterxml\jackson\module\jackson-module-parameter-names\2.9.9\jackson-module-parameter-names-2.9.9.jar;D:\Maven\maven\org\springframework\boot\spring-boot-starter-tomcat\2.1.6.RELEASE\spring-boot-starter-tomcat-2.1.6.RELEASE.jar;D:\Maven\maven\org\apache\tomcat\embed\tomcat-embed-websocket\9.0.21\tomcat-embed-websocket-9.0.21.jar;D:\Maven\maven\org\hibernate\validator\hibernate-validator\6.0.17.Final\hibernate-validator-6.0.17.Final.jar;D:\Maven\maven\org\jboss\logging\jboss-logging\3.3.2.Final\jboss-logging-3.3.2.Final.jar;D:\Maven\maven\com\fasterxml\classmate\1.4.0\classmate-1.4.0.jar;D:\Maven\maven\org\springframework\spring-web\5.1.8.RELEASE\spring-web-5.1.8.RELEASE.jar;D:\Maven\maven\org\springframework\spring-beans\5.1.8.RELEASE\spring-beans-5.1.8.RELEASE.jar;D:\Maven\maven\org\springframework\spring-webmvc\5.1.8.RELEASE\spring-webmvc-5.1.8.RELEASE.jar;D:\Maven\maven\org\springframework\spring-context\5.1.8.RELEASE\spring-context-5.1.8.RELEASE.jar;D:\Maven\maven\org\springframework\spring-expression\5.1.8.RELEASE\spring-expression-5.1.8.RELEASE.jar;D:\Maven\maven\org\springframework\boot\spring-boot-starter-test\2.1.6.RELEASE\spring-boot-starter-test-2.1.6.RELEASE.jar;D:\Maven\maven\org\springframework\boot\spring-boot-test\2.1.6.RELEASE\spring-boot-test-2.1.6.RELEASE.jar;D:\Maven\maven\org\springframework\boot\spring-boot-test-autoconfigure\2.1.6.RELEASE\spring-boot-test-autoconfigure-2.1.6.RELEASE.jar;D:\Maven\maven\com\jayway\jsonpath\json-path\2.4.0\json-path-2.4.0.jar;D:\Maven\maven\net\minidev\json-smart\2.3\json-smart-2.3.jar;D:\Maven\maven\net\minidev\accessors-smart\1.2\accessors-smart-1.2.jar;D:\Maven\maven\org\ow2\asm\asm\5.0.4\asm-5.0.4.jar;D:\Maven\maven\junit\junit\4.12\junit-4.12.jar;D:\Maven\maven\org\assertj\assertj-core\3.11.1\assertj-core-3.11.1.jar;D:\Maven\maven\org\mockito\mockito-core\2.23.4\mockito-core-2.23.4.jar;D:\Maven\maven\net\bytebuddy\byte-buddy\1.9.13\byte-buddy-1.9.13.jar;D:\Maven\maven\net\bytebuddy\byte-buddy-agent\1.9.13\byte-buddy-agent-1.9.13.jar;D:\Maven\maven\org\objenesis\objenesis\2.6\objenesis-2.6.jar;D:\Maven\maven\org\hamcrest\hamcrest-core\1.3\hamcrest-core-1.3.jar;D:\Maven\maven\org\hamcrest\hamcrest-library\1.3\hamcrest-library-1.3.jar;D:\Maven\maven\org\skyscreamer\jsonassert\1.5.0\jsonassert-1.5.0.jar;D:\Maven\maven\com\vaadin\external\google\android-json\0.0.20131108.vaadin1\android-json-0.0.20131108.vaadin1.jar;D:\Maven\maven\org\springframework\spring-core\5.1.8.RELEASE\spring-core-5.1.8.RELEASE.jar;D:\Maven\maven\org\springframework\spring-jcl\5.1.8.RELEASE\spring-jcl-5.1.8.RELEASE.jar;D:\Maven\maven\org\springframework\spring-test\5.1.8.RELEASE\spring-test-5.1.8.RELEASE.jar;D:\Maven\maven\org\xmlunit\xmlunit-core\2.6.2\xmlunit-core-2.6.2.jar;D:\Maven\maven\org\projectlombok\lombok\1.18.8\lombok-1.18.8.jar;D:\Maven\maven\org\mybatis\spring\boot\mybatis-spring-boot-starter\1.3.2\mybatis-spring-boot-starter-1.3.2.jar;D:\Maven\maven\org\springframework\boot\spring-boot-starter-jdbc\2.1.6.RELEASE\spring-boot-starter-jdbc-2.1.6.RELEASE.jar;D:\Maven\maven\com\zaxxer\HikariCP\3.2.0\HikariCP-3.2.0.jar;D:\Maven\maven\org\springframework\spring-jdbc\5.1.8.RELEASE\spring-jdbc-5.1.8.RELEASE.jar;D:\Maven\maven\org\mybatis\spring\boot\mybatis-spring-boot-autoconfigure\1.3.2\mybatis-spring-boot-autoconfigure-1.3.2.jar;D:\Maven\maven\org\mybatis\mybatis-spring\1.3.2\mybatis-spring-1.3.2.jar;D:\Maven\maven\com\alibaba\druid\1.1.21\druid-1.1.21.jar;D:\Maven\maven\mysql\mysql-connector-java\5.1.47\mysql-connector-java-5.1.47.jar;D:\Maven\maven\org\mybatis\mybatis\3.4.6\mybatis-3.4.6.jar;D:\Maven\maven\org\apache\tomcat\embed\tomcat-embed-jasper\8.5.23\tomcat-embed-jasper-8.5.23.jar;D:\Maven\maven\org\apache\tomcat\embed\tomcat-embed-core\9.0.21\tomcat-embed-core-9.0.21.jar;D:\Maven\maven\org\apache\tomcat\tomcat-annotations-api\9.0.21\tomcat-annotations-api-9.0.21.jar;D:\Maven\maven\org\apache\tomcat\embed\tomcat-embed-el\9.0.21\tomcat-embed-el-9.0.21.jar;D:\Maven\maven\org\eclipse\jdt\ecj\3.12.3\ecj-3.12.3.jar;D:\Maven\maven\com\fasterxml\jackson\core\jackson-databind\2.9.8\jackson-databind-2.9.8.jar;D:\Maven\maven\com\fasterxml\jackson\core\jackson-annotations\2.9.0\jackson-annotations-2.9.0.jar;D:\Maven\maven\com\fasterxml\jackson\core\jackson-core\2.9.9\jackson-core-2.9.9.jar;D:\Maven\maven\jstl\jstl\1.2\jstl-1.2.jar;D:\Maven\maven\com\alibaba\fastjson\1.2.47\fastjson-1.2.47.jar;D:\Maven\maven\org\apache\commons\commons-lang3\3.6\commons-lang3-3.6.jar;D:\Maven\maven\commons-io\commons-io\2.6\commons-io-2.6.jar;D:\Maven\maven\commons-fileupload\commons-fileupload\1.3.3\commons-fileupload-1.3.3.jar;D:\Maven\maven\org\mybatis\generator\mybatis-generator-core\1.3.5\mybatis-generator-core-1.3.5.jar;D:\Maven\maven\tk\mybatis\mapper-spring-boot-starter\2.1.5\mapper-spring-boot-starter-2.1.5.jar;D:\Maven\maven\tk\mybatis\mapper-core\1.1.5\mapper-core-1.1.5.jar;D:\Maven\maven\javax\persistence\persistence-api\1.0\persistence-api-1.0.jar;D:\Maven\maven\tk\mybatis\mapper-base\1.1.5\mapper-base-1.1.5.jar;D:\Maven\maven\tk\mybatis\mapper-weekend\1.1.5\mapper-weekend-1.1.5.jar;D:\Maven\maven\tk\mybatis\mapper-spring\1.1.5\mapper-spring-1.1.5.jar;D:\Maven\maven\tk\mybatis\mapper-extra\1.1.5\mapper-extra-1.1.5.jar;D:\Maven\maven\tk\mybatis\mapper-spring-boot-autoconfigure\2.1.5\mapper-spring-boot-autoconfigure-2.1.5.jar;D:\Maven\maven\com\aliyun\oss\aliyun-sdk-oss\3.8.0\aliyun-sdk-oss-3.8.0.jar;D:\Maven\maven\org\apache\httpcomponents\httpclient\4.5.9\httpclient-4.5.9.jar;D:\Maven\maven\org\apache\httpcomponents\httpcore\4.4.11\httpcore-4.4.11.jar;D:\Maven\maven\commons-codec\commons-codec\1.11\commons-codec-1.11.jar;D:\Maven\maven\org\jdom\jdom\1.1\jdom-1.1.jar;D:\Maven\maven\org\codehaus\jettison\jettison\1.1\jettison-1.1.jar;D:\Maven\maven\stax\stax-api\1.0.1\stax-api-1.0.1.jar;D:\Maven\maven\com\aliyun\aliyun-java-sdk-ram\3.0.0\aliyun-java-sdk-ram-3.0.0.jar;D:\Maven\maven\com\aliyun\aliyun-java-sdk-sts\3.0.0\aliyun-java-sdk-sts-3.0.0.jar;D:\Maven\maven\com\aliyun\aliyun-java-sdk-ecs\4.2.0\aliyun-java-sdk-ecs-4.2.0.jar;D:\Maven\maven\org\bytedeco\javacv\0.8\javacv-0.8.jar;D:\Maven\maven\org\bytedeco\javacpp\0.8\javacpp-0.8.jar;D:\Maven\maven\org\bytedeco\javacpp-presets\opencv\2.4.9-0.8\opencv-2.4.9-0.8.jar;D:\Maven\maven\org\bytedeco\javacpp-presets\ffmpeg\2.2.1-0.8\ffmpeg-2.2.1-0.8.jar;D:\Maven\maven\org\bytedeco\javacpp-presets\flycapture\1.7.17-0.8\flycapture-1.7.17-0.8.jar;D:\Maven\maven\org\bytedeco\javacpp-presets\libdc1394\2.2.2-0.8\libdc1394-2.2.2-0.8.jar;D:\Maven\maven\org\bytedeco\javacpp-presets\libfreenect\0.4-0.8\libfreenect-0.4-0.8.jar;D:\Maven\maven\org\bytedeco\javacpp-presets\videoinput\0.200-0.8\videoinput-0.200-0.8.jar;D:\Maven\maven\org\bytedeco\javacpp-presets\artoolkitplus\2.3.0-0.8\artoolkitplus-2.3.0-0.8.jar;D:\Maven\maven\org\bytedeco\javacpp-presets\opencv\2.4.9-0.8\opencv-2.4.9-0.8-windows-x86_64.jar;D:\Maven\maven\org\bytedeco\javacpp-presets\ffmpeg\2.2.1-0.8\ffmpeg-2.2.1-0.8-windows-x86_64.jar;D:\Maven\maven\org\bytedeco\javacpp-presets\flycapture\1.7.17-0.8\flycapture-1.7.17-0.8-windows-x86_64.jar;D:\Maven\maven\org\bytedeco\javacpp-presets\libdc1394\2.2.2-0.8\libdc1394-2.2.2-0.8-windows-x86_64.jar;D:\Maven\maven\org\bytedeco\javacpp-presets\libfreenect\0.4-0.8\libfreenect-0.4-0.8-windows-x86_64.jar;D:\Maven\maven\org\bytedeco\javacpp-presets\videoinput\0.200-0.8\videoinput-0.200-0.8-windows-x86_64.jar;D:\Maven\maven\org\bytedeco\javacpp-presets\artoolkitplus\2.3.0-0.8\artoolkitplus-2.3.0-0.8-windows-x86_64.jar;D:\Maven\maven\com\aliyun\aliyun-java-sdk-core\4.0.6\aliyun-java-sdk-core-4.0.6.jar;D:\Maven\maven\com\google\code\gson\gson\2.8.5\gson-2.8.5.jar;D:\Maven\maven\javax\xml\bind\jaxb-api\2.3.1\jaxb-api-2.3.1.jar;D:\Maven\maven\javax\activation\javax.activation-api\1.2.0\javax.activation-api-1.2.0.jar;D:\Maven\maven\com\sun\xml\bind\jaxb-core\2.1.14\jaxb-core-2.1.14.jar;D:\Maven\maven\com\sun\xml\bind\jaxb-impl\2.1\jaxb-impl-2.1.jar;D:\Maven\maven\javax\activation\activation\1.1.1\activation-1.1.1.jar;D:\Maven\maven\com\aliyun\aliyun-java-sdk-dysmsapi\1.1.0\aliyun-java-sdk-dysmsapi-1.1.0.jar;D:\Maven\maven\cn\afterturn\easypoi-base\4.0.0\easypoi-base-4.0.0.jar;D:\Maven\maven\org\apache\poi\poi\4.0.0\poi-4.0.0.jar;D:\Maven\maven\org\apache\commons\commons-collections4\4.2\commons-collections4-4.2.jar;D:\Maven\maven\org\apache\poi\poi-ooxml\4.0.0\poi-ooxml-4.0.0.jar;D:\Maven\maven\org\apache\commons\commons-compress\1.18\commons-compress-1.18.jar;D:\Maven\maven\com\github\virtuald\curvesapi\1.04\curvesapi-1.04.jar;D:\Maven\maven\org\apache\poi\poi-ooxml-schemas\4.0.0\poi-ooxml-schemas-4.0.0.jar;D:\Maven\maven\org\apache\xmlbeans\xmlbeans\3.0.1\xmlbeans-3.0.1.jar;D:\Maven\maven\com\google\guava\guava\16.0.1\guava-16.0.1.jar;D:\Maven\maven\ognl\ognl\3.2.6\ognl-3.2.6.jar;D:\Maven\maven\org\javassist\javassist\3.20.0-GA\javassist-3.20.0-GA.jar;D:\Maven\maven\org\slf4j\slf4j-api\1.7.26\slf4j-api-1.7.26.jar;D:\Maven\maven\javax\validation\validation-api\2.0.1.Final\validation-api-2.0.1.Final.jar;D:\Maven\maven\cn\afterturn\easypoi-web\4.0.0\easypoi-web-4.0.0.jar;D:\Maven\maven\cn\afterturn\easypoi-annotation\4.0.0\easypoi-annotation-4.0.0.jar;D:\Maven\maven\org\springframework\boot\spring-boot-starter-data-redis\2.1.6.RELEASE\spring-boot-starter-data-redis-2.1.6.RELEASE.jar;D:\Maven\maven\org\springframework\data\spring-data-redis\2.1.9.RELEASE\spring-data-redis-2.1.9.RELEASE.jar;D:\Maven\maven\org\springframework\data\spring-data-keyvalue\2.1.9.RELEASE\spring-data-keyvalue-2.1.9.RELEASE.jar;D:\Maven\maven\org\springframework\spring-tx\5.1.8.RELEASE\spring-tx-5.1.8.RELEASE.jar;D:\Maven\maven\org\springframework\spring-oxm\5.1.8.RELEASE\spring-oxm-5.1.8.RELEASE.jar;D:\Maven\maven\org\springframework\spring-context-support\5.1.8.RELEASE\spring-context-support-5.1.8.RELEASE.jar;D:\Maven\maven\io\lettuce\lettuce-core\5.1.7.RELEASE\lettuce-core-5.1.7.RELEASE.jar;D:\Maven\maven\io\netty\netty-common\4.1.36.Final\netty-common-4.1.36.Final.jar;D:\Maven\maven\io\netty\netty-handler\4.1.36.Final\netty-handler-4.1.36.Final.jar;D:\Maven\maven\io\netty\netty-buffer\4.1.36.Final\netty-buffer-4.1.36.Final.jar;D:\Maven\maven\io\netty\netty-codec\4.1.36.Final\netty-codec-4.1.36.Final.jar;D:\Maven\maven\io\netty\netty-transport\4.1.36.Final\netty-transport-4.1.36.Final.jar;D:\Maven\maven\io\netty\netty-resolver\4.1.36.Final\netty-resolver-4.1.36.Final.jar;D:\Maven\maven\io\projectreactor\reactor-core\3.2.10.RELEASE\reactor-core-3.2.10.RELEASE.jar;D:\Maven\maven\org\reactivestreams\reactive-streams\1.0.2\reactive-streams-1.0.2.jar;D:\Maven\maven\org\springframework\boot\spring-boot-starter-aop\2.1.6.RELEASE\spring-boot-starter-aop-2.1.6.RELEASE.jar;D:\Maven\maven\org\springframework\spring-aop\5.1.8.RELEASE\spring-aop-5.1.8.RELEASE.jar;D:\Maven\maven\org\aspectj\aspectjweaver\1.9.4\aspectjweaver-1.9.4.jar;D:\Maven\maven\org\springframework\boot\spring-boot-starter-data-elasticsearch\2.1.6.RELEASE\spring-boot-starter-data-elasticsearch-2.1.6.RELEASE.jar;D:\Maven\maven\org\springframework\data\spring-data-elasticsearch\3.1.9.RELEASE\spring-data-elasticsearch-3.1.9.RELEASE.jar;D:\Maven\maven\org\springframework\data\spring-data-commons\2.1.9.RELEASE\spring-data-commons-2.1.9.RELEASE.jar;D:\Maven\maven\joda-time\joda-time\2.10.2\joda-time-2.10.2.jar;D:\Maven\maven\org\elasticsearch\client\transport\6.4.3\transport-6.4.3.jar;D:\Maven\maven\org\elasticsearch\elasticsearch\6.4.3\elasticsearch-6.4.3.jar;D:\Maven\maven\org\elasticsearch\elasticsearch-core\6.4.3\elasticsearch-core-6.4.3.jar;D:\Maven\maven\org\elasticsearch\elasticsearch-secure-sm\6.4.3\elasticsearch-secure-sm-6.4.3.jar;D:\Maven\maven\org\elasticsearch\elasticsearch-x-content\6.4.3\elasticsearch-x-content-6.4.3.jar;D:\Maven\maven\com\fasterxml\jackson\dataformat\jackson-dataformat-smile\2.9.9\jackson-dataformat-smile-2.9.9.jar;D:\Maven\maven\com\fasterxml\jackson\dataformat\jackson-dataformat-yaml\2.9.9\jackson-dataformat-yaml-2.9.9.jar;D:\Maven\maven\com\fasterxml\jackson\dataformat\jackson-dataformat-cbor\2.9.9\jackson-dataformat-cbor-2.9.9.jar;D:\Maven\maven\org\apache\lucene\lucene-core\7.4.0\lucene-core-7.4.0.jar;D:\Maven\maven\org\apache\lucene\lucene-analyzers-common\7.4.0\lucene-analyzers-common-7.4.0.jar;D:\Maven\maven\org\apache\lucene\lucene-backward-codecs\7.4.0\lucene-backward-codecs-7.4.0.jar;D:\Maven\maven\org\apache\lucene\lucene-grouping\7.4.0\lucene-grouping-7.4.0.jar;D:\Maven\maven\org\apache\lucene\lucene-highlighter\7.4.0\lucene-highlighter-7.4.0.jar;D:\Maven\maven\org\apache\lucene\lucene-join\7.4.0\lucene-join-7.4.0.jar;D:\Maven\maven\org\apache\lucene\lucene-memory\7.4.0\lucene-memory-7.4.0.jar;D:\Maven\maven\org\apache\lucene\lucene-misc\7.4.0\lucene-misc-7.4.0.jar;D:\Maven\maven\org\apache\lucene\lucene-queries\7.4.0\lucene-queries-7.4.0.jar;D:\Maven\maven\org\apache\lucene\lucene-queryparser\7.4.0\lucene-queryparser-7.4.0.jar;D:\Maven\maven\org\apache\lucene\lucene-sandbox\7.4.0\lucene-sandbox-7.4.0.jar;D:\Maven\maven\org\apache\lucene\lucene-spatial\7.4.0\lucene-spatial-7.4.0.jar;D:\Maven\maven\org\apache\lucene\lucene-spatial-extras\7.4.0\lucene-spatial-extras-7.4.0.jar;D:\Maven\maven\org\apache\lucene\lucene-spatial3d\7.4.0\lucene-spatial3d-7.4.0.jar;D:\Maven\maven\org\apache\lucene\lucene-suggest\7.4.0\lucene-suggest-7.4.0.jar;D:\Maven\maven\org\elasticsearch\elasticsearch-cli\6.4.3\elasticsearch-cli-6.4.3.jar;D:\Maven\maven\net\sf\jopt-simple\jopt-simple\5.0.2\jopt-simple-5.0.2.jar;D:\Maven\maven\com\carrotsearch\hppc\0.7.1\hppc-0.7.1.jar;D:\Maven\maven\com\tdunning\t-digest\3.2\t-digest-3.2.jar;D:\Maven\maven\org\hdrhistogram\HdrHistogram\2.1.9\HdrHistogram-2.1.9.jar;D:\Maven\maven\org\elasticsearch\jna\4.5.1\jna-4.5.1.jar;D:\Maven\maven\org\elasticsearch\plugin\reindex-client\6.4.3\reindex-client-6.4.3.jar;D:\Maven\maven\org\elasticsearch\client\elasticsearch-rest-client\6.4.3\elasticsearch-rest-client-6.4.3.jar;D:\Maven\maven\org\apache\httpcomponents\httpasyncclient\4.1.4\httpasyncclient-4.1.4.jar;D:\Maven\maven\org\apache\httpcomponents\httpcore-nio\4.4.11\httpcore-nio-4.4.11.jar;D:\Maven\maven\org\elasticsearch\plugin\lang-mustache-client\6.4.3\lang-mustache-client-6.4.3.jar;D:\Maven\maven\com\github\spullara\mustache\java\compiler\0.9.3\compiler-0.9.3.jar;D:\Maven\maven\org\elasticsearch\plugin\percolator-client\6.4.3\percolator-client-6.4.3.jar;D:\Maven\maven\org\elasticsearch\plugin\parent-join-client\6.4.3\parent-join-client-6.4.3.jar;D:\Maven\maven\org\elasticsearch\plugin\rank-eval-client\6.4.3\rank-eval-client-6.4.3.jar;D:\Maven\maven\org\elasticsearch\plugin\transport-netty4-client\6.4.3\transport-netty4-client-6.4.3.jar;D:\Maven\maven\io\netty\netty-codec-http\4.1.36.Final\netty-codec-http-4.1.36.Final.jar;D:\Maven\maven\io\goeasy\goeasy-sdk\0.3.8\goeasy-sdk-0.3.8.jar;"/>
    <property name="sun.cpu.endian" value="little"/>
    <property name="user.home" value="C:\Users\86184"/>
    <property name="user.language" value="zh"/>
    <property name="java.specification.vendor" value="Oracle Corporation"/>
    <property name="java.home" value="C:\Program Files\Java\jdk1.8.0_121\jre"/>
    <property name="basedir" value="D:\haikeyi\Bcc_Work\name\yingxue"/>
    <property name="file.separator" value="\"/>
    <property name="line.separator" value="&#10;"/>
    <property name="java.vm.specification.vendor" value="Oracle Corporation"/>
    <property name="java.specification.name" value="Java Platform API Specification"/>
    <property name="java.awt.graphicsenv" value="sun.awt.Win32GraphicsEnvironment"/>
    <property name="surefire.real.class.path" value="C:\Users\86184\AppData\Local\Temp\surefire5113086929970515710\surefirebooter957628058684526683.jar"/>
    <property name="sun.boot.class.path" value="C:\Program Files\Java\jdk1.8.0_121\jre\lib\resources.jar;C:\Program Files\Java\jdk1.8.0_121\jre\lib\rt.jar;C:\Program Files\Java\jdk1.8.0_121\jre\lib\sunrsasign.jar;C:\Program Files\Java\jdk1.8.0_121\jre\lib\jsse.jar;C:\Program Files\Java\jdk1.8.0_121\jre\lib\jce.jar;C:\Program Files\Java\jdk1.8.0_121\jre\lib\charsets.jar;C:\Program Files\Java\jdk1.8.0_121\jre\lib\jfr.jar;C:\Program Files\Java\jdk1.8.0_121\jre\classes"/>
    <property name="user.script" value=""/>
    <property name="sun.management.compiler" value="HotSpot 64-Bit Tiered Compilers"/>
    <property name="java.runtime.version" value="1.8.0_121-b13"/>
    <property name="user.name" value="86184"/>
    <property name="path.separator" value=";"/>
    <property name="os.version" value="10.0"/>
    <property name="java.endorsed.dirs" value="C:\Program Files\Java\jdk1.8.0_121\jre\lib\endorsed"/>
    <property name="java.runtime.name" value="Java(TM) SE Runtime Environment"/>
    <property name="file.encoding" value="GBK"/>
    <property name="java.vm.name" value="Java HotSpot(TM) 64-Bit Server VM"/>
    <property name="localRepository" value="D:\Maven\maven"/>
    <property name="java.vendor.url.bug" value="http://bugreport.sun.com/bugreport/"/>
    <property name="java.io.tmpdir" value="C:\Users\86184\AppData\Local\Temp\"/>
    <property name="idea.version" value="2018.3.5"/>
    <property name="java.version" value="1.8.0_121"/>
    <property name="user.dir" value="D:\haikeyi\Bcc_Work\name\yingxue"/>
    <property name="os.arch" value="amd64"/>
    <property name="java.vm.specification.name" value="Java Virtual Machine Specification"/>
    <property name="java.awt.printerjob" value="sun.awt.windows.WPrinterJob"/>
    <property name="sun.os.patch.level" value=""/>
    <property name="java.library.path" value="C:\Program Files\Java\jdk1.8.0_121\jre\bin;C:\Windows\Sun\Java\bin;C:\Windows\system32;C:\Windows;C:\Users\86184\Desktop\笔记\11__Maven\apache-maven-3.6.1-bin\apache-maven-3.6.1\bin;D:\javaOracle\app\oracle\product\10.2.0\server\bin;C:\Windows\system32;C:\Windows;C:\Windows\System32\Wbem;C:\Windows\System32\WindowsPowerShell\v1.0\;C:\Windows\System32\OpenSSH\;C:\Program Files\Java\jdk1.8.0_121\bin;C:\Program Files\Java\jre1.8.0_121\bin;.;C:\Program Files (x86)\MySQL\MySQL Server 5.5\bin;D:\SecureCRT\;C:\Users\86184\AppData\Local\Microsoft\WindowsApps;;."/>
    <property name="java.vm.info" value="mixed mode"/>
    <property name="java.vendor" value="Oracle Corporation"/>
    <property name="java.vm.version" value="25.121-b13"/>
    <property name="java.ext.dirs" value="C:\Program Files\Java\jdk1.8.0_121\jre\lib\ext;C:\Windows\Sun\Java\lib\ext"/>
    <property name="sun.io.unicode.encoding" value="UnicodeLittle"/>
    <property name="maven.repo.local" value="D:\Maven\maven"/>
    <property name="java.class.version" value="52.0"/>
  </properties>
  <testcase name="PoiImport" classname="com.ss.PoiTest" time="0.557">
    <error type="java.lang.NullPointerException">java.lang.NullPointerException
	at com.ss.PoiTest.PoiImport(PoiTest.java:177)
</error>
  </testcase>
  <testcase name="testExports" classname="com.ss.PoiTest" time="0.066"/>
  <testcase name="testqueryss" classname="com.ss.PoiTest" time="0.007"/>
  <testcase name="testEasyPort" classname="com.ss.PoiTest" time="1.549"/>
  <testcase name="TestEasyPoiInput" classname="com.ss.PoiTest" time="0.015"/>
</testsuite>