<?xml version="1.0" encoding="UTF-8"?>
<testsuite xmlns:xsi="http://www.w3.org/2001/XMLSchema-instance" xsi:noNamespaceSchemaLocation="https://maven.apache.org/surefire/maven-surefire-plugin/xsd/surefire-test-report.xsd" name="com.ss.RedisTest" time="28.009" tests="1" errors="1" skipped="0" failures="0">
  <properties>
    <property name="sun.desktop" value="windows"/>
    <property name="awt.toolkit" value="sun.awt.windows.WToolkit"/>
    <property name="file.encoding.pkg" value="sun.io"/>
    <property name="java.specification.version" value="1.8"/>
    <property name="sun.cpu.isalist" value="amd64"/>
    <property name="sun.jnu.encoding" value="GBK"/>
    <property name="java.class.path" value="D:\haikeyi\Bcc_Work\name\yingxue\target\test-classes;D:\haikeyi\Bcc_Work\name\yingxue\target\classes;D:\Maven\maven\org\springframework\boot\spring-boot-starter-web\2.1.6.RELEASE\spring-boot-starter-web-2.1.6.RELEASE.jar;D:\Maven\maven\org\springframework\boot\spring-boot-starter\2.1.6.RELEASE\spring-boot-starter-2.1.6.RELEASE.jar;D:\Maven\maven\org\springframework\boot\spring-boot\2.1.6.RELEASE\spring-boot-2.1.6.RELEASE.jar;D:\Maven\maven\org\springframework\boot\spring-boot-autoconfigure\2.1.6.RELEASE\spring-boot-autoconfigure-2.1.6.RELEASE.jar;D:\Maven\maven\org\springframework\boot\spring-boot-starter-logging\2.1.6.RELEASE\spring-boot-starter-logging-2.1.6.RELEASE.jar;D:\Maven\maven\ch\qos\logback\logback-classic\1.2.3\logback-classic-1.2.3.jar;D:\Maven\maven\ch\qos\logback\logback-core\1.2.3\logback-core-1.2.3.jar;D:\Maven\maven\org\apache\logging\log4j\log4j-to-slf4j\2.11.2\log4j-to-slf4j-2.11.2.jar;D:\Maven\maven\org\apache\logging\log4j\log4j-api\2.11.2\log4j-api-2.11.2.jar;D:\Maven\maven\org\slf4j\jul-to-slf4j\1.7.26\jul-to-slf4j-1.7.26.jar;D:\Maven\maven\javax\annotation\javax.annotation-api\1.3.2\javax.annotation-api-1.3.2.jar;D:\Maven\maven\org\yaml\snakeyaml\1.23\snakeyaml-1.23.jar;D:\Maven\maven\org\springframework\boot\spring-boot-starter-json\2.1.6.RELEASE\spring-boot-starter-json-2.1.6.RELEASE.jar;D:\Maven\maven\com\fasterxml\jackson\datatype\jackson-datatype-jdk8\2.9.9\jackson-datatype-jdk8-2.9.9.jar;D:\Maven\maven\com\fasterxml\jackson\datatype\jackson-datatype-jsr310\2.9.9\jackson-datatype-jsr310-2.9.9.jar;D:\Maven\maven\com\fasterxml\jackson\module\jackson-module-parameter-names\2.9.9\jackson-module-parameter-names-2.9.9.jar;D:\Maven\maven\org\springframework\boot\spring-boot-starter-tomcat\2.1.6.RELEASE\spring-boot-starter-tomcat-2.1.6.RELEASE.jar;D:\Maven\maven\org\apache\tomcat\embed\tomcat-embed-websocket\9.0.21\tomcat-embed-websocket-9.0.21.jar;D:\Maven\maven\org\hibernate\validator\hibernate-validator\6.0.17.Final\hibernate-validator-6.0.17.Final.jar;D:\Maven\maven\org\jboss\logging\jboss-logging\3.3.2.Final\jboss-logging-3.3.2.Final.jar;D:\Maven\maven\com\fasterxml\classmate\1.4.0\classmate-1.4.0.jar;D:\Maven\maven\org\springframework\spring-web\5.1.8.RELEASE\spring-web-5.1.8.RELEASE.jar;D:\Maven\maven\org\springframework\spring-beans\5.1.8.RELEASE\spring-beans-5.1.8.RELEASE.jar;D:\Maven\maven\org\springframework\spring-webmvc\5.1.8.RELEASE\spring-webmvc-5.1.8.RELEASE.jar;D:\Maven\maven\org\springframework\spring-context\5.1.8.RELEASE\spring-context-5.1.8.RELEASE.jar;D:\Maven\maven\org\springframework\spring-expression\5.1.8.RELEASE\spring-expression-5.1.8.RELEASE.jar;D:\Maven\maven\org\springframework\boot\spring-boot-starter-test\2.1.6.RELEASE\spring-boot-starter-test-2.1.6.RELEASE.jar;D:\Maven\maven\org\springframework\boot\spring-boot-test\2.1.6.RELEASE\spring-boot-test-2.1.6.RELEASE.jar;D:\Maven\maven\org\springframework\boot\spring-boot-test-autoconfigure\2.1.6.RELEASE\spring-boot-test-autoconfigure-2.1.6.RELEASE.jar;D:\Maven\maven\com\jayway\jsonpath\json-path\2.4.0\json-path-2.4.0.jar;D:\Maven\maven\net\minidev\json-smart\2.3\json-smart-2.3.jar;D:\Maven\maven\net\minidev\accessors-smart\1.2\accessors-smart-1.2.jar;D:\Maven\maven\org\ow2\asm\asm\5.0.4\asm-5.0.4.jar;D:\Maven\maven\junit\junit\4.12\junit-4.12.jar;D:\Maven\maven\org\assertj\assertj-core\3.11.1\assertj-core-3.11.1.jar;D:\Maven\maven\org\mockito\mockito-core\2.23.4\mockito-core-2.23.4.jar;D:\Maven\maven\net\bytebuddy\byte-buddy\1.9.13\byte-buddy-1.9.13.jar;D:\Maven\maven\net\bytebuddy\byte-buddy-agent\1.9.13\byte-buddy-agent-1.9.13.jar;D:\Maven\maven\org\objenesis\objenesis\2.6\objenesis-2.6.jar;D:\Maven\maven\org\hamcrest\hamcrest-core\1.3\hamcrest-core-1.3.jar;D:\Maven\maven\org\hamcrest\hamcrest-library\1.3\hamcrest-library-1.3.jar;D:\Maven\maven\org\skyscreamer\jsonassert\1.5.0\jsonassert-1.5.0.jar;D:\Maven\maven\com\vaadin\external\google\android-json\0.0.20131108.vaadin1\android-json-0.0.20131108.vaadin1.jar;D:\Maven\maven\org\springframework\spring-core\5.1.8.RELEASE\spring-core-5.1.8.RELEASE.jar;D:\Maven\maven\org\springframework\spring-jcl\5.1.8.RELEASE\spring-jcl-5.1.8.RELEASE.jar;D:\Maven\maven\org\springframework\spring-test\5.1.8.RELEASE\spring-test-5.1.8.RELEASE.jar;D:\Maven\maven\org\xmlunit\xmlunit-core\2.6.2\xmlunit-core-2.6.2.jar;D:\Maven\maven\org\projectlombok\lombok\1.18.8\lombok-1.18.8.jar;D:\Maven\maven\org\mybatis\spring\boot\mybatis-spring-boot-starter\1.3.2\mybatis-spring-boot-starter-1.3.2.jar;D:\Maven\maven\org\springframework\boot\spring-boot-starter-jdbc\2.1.6.RELEASE\spring-boot-starter-jdbc-2.1.6.RELEASE.jar;D:\Maven\maven\com\zaxxer\HikariCP\3.2.0\HikariCP-3.2.0.jar;D:\Maven\maven\org\springframework\spring-jdbc\5.1.8.RELEASE\spring-jdbc-5.1.8.RELEASE.jar;D:\Maven\maven\org\mybatis\spring\boot\mybatis-spring-boot-autoconfigure\1.3.2\mybatis-spring-boot-autoconfigure-1.3.2.jar;D:\Maven\maven\org\mybatis\mybatis-spring\1.3.2\mybatis-spring-1.3.2.jar;D:\Maven\maven\com\alibaba\druid\1.1.21\druid-1.1.21.jar;D:\Maven\maven\mysql\mysql-connector-java\5.1.47\mysql-connector-java-5.1.47.jar;D:\Maven\maven\org\mybatis\mybatis\3.4.6\mybatis-3.4.6.jar;D:\Maven\maven\org\apache\tomcat\embed\tomcat-embed-jasper\8.5.23\tomcat-embed-jasper-8.5.23.jar;D:\Maven\maven\org\apache\tomcat\embed\tomcat-embed-core\9.0.21\tomcat-embed-core-9.0.21.jar;D:\Maven\maven\org\apache\tomcat\tomcat-annotations-api\9.0.21\tomcat-annotations-api-9.0.21.jar;D:\Maven\maven\org\apache\tomcat\embed\tomcat-embed-el\9.0.21\tomcat-embed-el-9.0.21.jar;D:\Maven\maven\org\eclipse\jdt\ecj\3.12.3\ecj-3.12.3.jar;D:\Maven\maven\com\fasterxml\jackson\core\jackson-databind\2.9.8\jackson-databind-2.9.8.jar;D:\Maven\maven\com\fasterxml\jackson\core\jackson-annotations\2.9.0\jackson-annotations-2.9.0.jar;D:\Maven\maven\com\fasterxml\jackson\core\jackson-core\2.9.9\jackson-core-2.9.9.jar;D:\Maven\maven\jstl\jstl\1.2\jstl-1.2.jar;D:\Maven\maven\com\alibaba\fastjson\1.2.47\fastjson-1.2.47.jar;D:\Maven\maven\org\apache\commons\commons-lang3\3.6\commons-lang3-3.6.jar;D:\Maven\maven\commons-io\commons-io\2.6\commons-io-2.6.jar;D:\Maven\maven\commons-fileupload\commons-fileupload\1.3.3\commons-fileupload-1.3.3.jar;D:\Maven\maven\org\mybatis\generator\mybatis-generator-core\1.3.5\mybatis-generator-core-1.3.5.jar;D:\Maven\maven\tk\mybatis\mapper-spring-boot-starter\2.1.5\mapper-spring-boot-starter-2.1.5.jar;D:\Maven\maven\tk\mybatis\mapper-core\1.1.5\mapper-core-1.1.5.jar;D:\Maven\maven\javax\persistence\persistence-api\1.0\persistence-api-1.0.jar;D:\Maven\maven\tk\mybatis\mapper-base\1.1.5\mapper-base-1.1.5.jar;D:\Maven\maven\tk\mybatis\mapper-weekend\1.1.5\mapper-weekend-1.1.5.jar;D:\Maven\maven\tk\mybatis\mapper-spring\1.1.5\mapper-spring-1.1.5.jar;D:\Maven\maven\tk\mybatis\mapper-extra\1.1.5\mapper-extra-1.1.5.jar;D:\Maven\maven\tk\mybatis\mapper-spring-boot-autoconfigure\2.1.5\mapper-spring-boot-autoconfigure-2.1.5.jar;D:\Maven\maven\com\aliyun\oss\aliyun-sdk-oss\3.8.0\aliyun-sdk-oss-3.8.0.jar;D:\Maven\maven\org\apache\httpcomponents\httpclient\4.5.9\httpclient-4.5.9.jar;D:\Maven\maven\org\apache\httpcomponents\httpcore\4.4.11\httpcore-4.4.11.jar;D:\Maven\maven\commons-codec\commons-codec\1.11\commons-codec-1.11.jar;D:\Maven\maven\org\jdom\jdom\1.1\jdom-1.1.jar;D:\Maven\maven\org\codehaus\jettison\jettison\1.1\jettison-1.1.jar;D:\Maven\maven\stax\stax-api\1.0.1\stax-api-1.0.1.jar;D:\Maven\maven\com\aliyun\aliyun-java-sdk-ram\3.0.0\aliyun-java-sdk-ram-3.0.0.jar;D:\Maven\maven\com\aliyun\aliyun-java-sdk-sts\3.0.0\aliyun-java-sdk-sts-3.0.0.jar;D:\Maven\maven\com\aliyun\aliyun-java-sdk-ecs\4.2.0\aliyun-java-sdk-ecs-4.2.0.jar;D:\Maven\maven\org\bytedeco\javacv\0.8\javacv-0.8.jar;D:\Maven\maven\org\bytedeco\javacpp\0.8\javacpp-0.8.jar;D:\Maven\maven\org\bytedeco\javacpp-presets\opencv\2.4.9-0.8\opencv-2.4.9-0.8.jar;D:\Maven\maven\org\bytedeco\javacpp-presets\ffmpeg\2.2.1-0.8\ffmpeg-2.2.1-0.8.jar;D:\Maven\maven\org\bytedeco\javacpp-presets\flycapture\1.7.17-0.8\flycapture-1.7.17-0.8.jar;D:\Maven\maven\org\bytedeco\javacpp-presets\libdc1394\2.2.2-0.8\libdc1394-2.2.2-0.8.jar;D:\Maven\maven\org\bytedeco\javacpp-presets\libfreenect\0.4-0.8\libfreenect-0.4-0.8.jar;D:\Maven\maven\org\bytedeco\javacpp-presets\videoinput\0.200-0.8\videoinput-0.200-0.8.jar;D:\Maven\maven\org\bytedeco\javacpp-presets\artoolkitplus\2.3.0-0.8\artoolkitplus-2.3.0-0.8.jar;D:\Maven\maven\org\bytedeco\javacpp-presets\opencv\2.4.9-0.8\opencv-2.4.9-0.8-windows-x86_64.jar;D:\Maven\maven\org\bytedeco\javacpp-presets\ffmpeg\2.2.1-0.8\ffmpeg-2.2.1-0.8-windows-x86_64.jar;D:\Maven\maven\org\bytedeco\javacpp-presets\flycapture\1.7.17-0.8\flycapture-1.7.17-0.8-windows-x86_64.jar;D:\Maven\maven\org\bytedeco\javacpp-presets\libdc1394\2.2.2-0.8\libdc1394-2.2.2-0.8-windows-x86_64.jar;D:\Maven\maven\org\bytedeco\javacpp-presets\libfreenect\0.4-0.8\libfreenect-0.4-0.8-windows-x86_64.jar;D:\Maven\maven\org\bytedeco\javacpp-presets\videoinput\0.200-0.8\videoinput-0.200-0.8-windows-x86_64.jar;D:\Maven\maven\org\bytedeco\javacpp-presets\artoolkitplus\2.3.0-0.8\artoolkitplus-2.3.0-0.8-windows-x86_64.jar;D:\Maven\maven\com\aliyun\aliyun-java-sdk-core\4.0.6\aliyun-java-sdk-core-4.0.6.jar;D:\Maven\maven\com\google\code\gson\gson\2.8.5\gson-2.8.5.jar;D:\Maven\maven\javax\xml\bind\jaxb-api\2.3.1\jaxb-api-2.3.1.jar;D:\Maven\maven\javax\activation\javax.activation-api\1.2.0\javax.activation-api-1.2.0.jar;D:\Maven\maven\com\sun\xml\bind\jaxb-core\2.1.14\jaxb-core-2.1.14.jar;D:\Maven\maven\com\sun\xml\bind\jaxb-impl\2.1\jaxb-impl-2.1.jar;D:\Maven\maven\javax\activation\activation\1.1.1\activation-1.1.1.jar;D:\Maven\maven\com\aliyun\aliyun-java-sdk-dysmsapi\1.1.0\aliyun-java-sdk-dysmsapi-1.1.0.jar;D:\Maven\maven\cn\afterturn\easypoi-base\4.0.0\easypoi-base-4.0.0.jar;D:\Maven\maven\org\apache\poi\poi\4.0.0\poi-4.0.0.jar;D:\Maven\maven\org\apache\commons\commons-collections4\4.2\commons-collections4-4.2.jar;D:\Maven\maven\org\apache\poi\poi-ooxml\4.0.0\poi-ooxml-4.0.0.jar;D:\Maven\maven\org\apache\commons\commons-compress\1.18\commons-compress-1.18.jar;D:\Maven\maven\com\github\virtuald\curvesapi\1.04\curvesapi-1.04.jar;D:\Maven\maven\org\apache\poi\poi-ooxml-schemas\4.0.0\poi-ooxml-schemas-4.0.0.jar;D:\Maven\maven\org\apache\xmlbeans\xmlbeans\3.0.1\xmlbeans-3.0.1.jar;D:\Maven\maven\com\google\guava\guava\16.0.1\guava-16.0.1.jar;D:\Maven\maven\ognl\ognl\3.2.6\ognl-3.2.6.jar;D:\Maven\maven\org\javassist\javassist\3.20.0-GA\javassist-3.20.0-GA.jar;D:\Maven\maven\org\slf4j\slf4j-api\1.7.26\slf4j-api-1.7.26.jar;D:\Maven\maven\javax\validation\validation-api\2.0.1.Final\validation-api-2.0.1.Final.jar;D:\Maven\maven\cn\afterturn\easypoi-web\4.0.0\easypoi-web-4.0.0.jar;D:\Maven\maven\cn\afterturn\easypoi-annotation\4.0.0\easypoi-annotation-4.0.0.jar;D:\Maven\maven\org\springframework\boot\spring-boot-starter-data-redis\2.1.6.RELEASE\spring-boot-starter-data-redis-2.1.6.RELEASE.jar;D:\Maven\maven\org\springframework\data\spring-data-redis\2.1.9.RELEASE\spring-data-redis-2.1.9.RELEASE.jar;D:\Maven\maven\org\springframework\data\spring-data-keyvalue\2.1.9.RELEASE\spring-data-keyvalue-2.1.9.RELEASE.jar;D:\Maven\maven\org\springframework\spring-tx\5.1.8.RELEASE\spring-tx-5.1.8.RELEASE.jar;D:\Maven\maven\org\springframework\spring-oxm\5.1.8.RELEASE\spring-oxm-5.1.8.RELEASE.jar;D:\Maven\maven\org\springframework\spring-context-support\5.1.8.RELEASE\spring-context-support-5.1.8.RELEASE.jar;D:\Maven\maven\io\lettuce\lettuce-core\5.1.7.RELEASE\lettuce-core-5.1.7.RELEASE.jar;D:\Maven\maven\io\netty\netty-common\4.1.36.Final\netty-common-4.1.36.Final.jar;D:\Maven\maven\io\netty\netty-handler\4.1.36.Final\netty-handler-4.1.36.Final.jar;D:\Maven\maven\io\netty\netty-buffer\4.1.36.Final\netty-buffer-4.1.36.Final.jar;D:\Maven\maven\io\netty\netty-codec\4.1.36.Final\netty-codec-4.1.36.Final.jar;D:\Maven\maven\io\netty\netty-transport\4.1.36.Final\netty-transport-4.1.36.Final.jar;D:\Maven\maven\io\netty\netty-resolver\4.1.36.Final\netty-resolver-4.1.36.Final.jar;D:\Maven\maven\io\projectreactor\reactor-core\3.2.10.RELEASE\reactor-core-3.2.10.RELEASE.jar;D:\Maven\maven\org\reactivestreams\reactive-streams\1.0.2\reactive-streams-1.0.2.jar;D:\Maven\maven\org\springframework\boot\spring-boot-starter-aop\2.1.6.RELEASE\spring-boot-starter-aop-2.1.6.RELEASE.jar;D:\Maven\maven\org\springframework\spring-aop\5.1.8.RELEASE\spring-aop-5.1.8.RELEASE.jar;D:\Maven\maven\org\aspectj\aspectjweaver\1.9.4\aspectjweaver-1.9.4.jar;D:\Maven\maven\org\springframework\boot\spring-boot-starter-data-elasticsearch\2.1.6.RELEASE\spring-boot-starter-data-elasticsearch-2.1.6.RELEASE.jar;D:\Maven\maven\org\springframework\data\spring-data-elasticsearch\3.1.9.RELEASE\spring-data-elasticsearch-3.1.9.RELEASE.jar;D:\Maven\maven\org\springframework\data\spring-data-commons\2.1.9.RELEASE\spring-data-commons-2.1.9.RELEASE.jar;D:\Maven\maven\joda-time\joda-time\2.10.2\joda-time-2.10.2.jar;D:\Maven\maven\org\elasticsearch\client\transport\6.4.3\transport-6.4.3.jar;D:\Maven\maven\org\elasticsearch\elasticsearch\6.4.3\elasticsearch-6.4.3.jar;D:\Maven\maven\org\elasticsearch\elasticsearch-core\6.4.3\elasticsearch-core-6.4.3.jar;D:\Maven\maven\org\elasticsearch\elasticsearch-secure-sm\6.4.3\elasticsearch-secure-sm-6.4.3.jar;D:\Maven\maven\org\elasticsearch\elasticsearch-x-content\6.4.3\elasticsearch-x-content-6.4.3.jar;D:\Maven\maven\com\fasterxml\jackson\dataformat\jackson-dataformat-smile\2.9.9\jackson-dataformat-smile-2.9.9.jar;D:\Maven\maven\com\fasterxml\jackson\dataformat\jackson-dataformat-yaml\2.9.9\jackson-dataformat-yaml-2.9.9.jar;D:\Maven\maven\com\fasterxml\jackson\dataformat\jackson-dataformat-cbor\2.9.9\jackson-dataformat-cbor-2.9.9.jar;D:\Maven\maven\org\apache\lucene\lucene-core\7.4.0\lucene-core-7.4.0.jar;D:\Maven\maven\org\apache\lucene\lucene-analyzers-common\7.4.0\lucene-analyzers-common-7.4.0.jar;D:\Maven\maven\org\apache\lucene\lucene-backward-codecs\7.4.0\lucene-backward-codecs-7.4.0.jar;D:\Maven\maven\org\apache\lucene\lucene-grouping\7.4.0\lucene-grouping-7.4.0.jar;D:\Maven\maven\org\apache\lucene\lucene-highlighter\7.4.0\lucene-highlighter-7.4.0.jar;D:\Maven\maven\org\apache\lucene\lucene-join\7.4.0\lucene-join-7.4.0.jar;D:\Maven\maven\org\apache\lucene\lucene-memory\7.4.0\lucene-memory-7.4.0.jar;D:\Maven\maven\org\apache\lucene\lucene-misc\7.4.0\lucene-misc-7.4.0.jar;D:\Maven\maven\org\apache\lucene\lucene-queries\7.4.0\lucene-queries-7.4.0.jar;D:\Maven\maven\org\apache\lucene\lucene-queryparser\7.4.0\lucene-queryparser-7.4.0.jar;D:\Maven\maven\org\apache\lucene\lucene-sandbox\7.4.0\lucene-sandbox-7.4.0.jar;D:\Maven\maven\org\apache\lucene\lucene-spatial\7.4.0\lucene-spatial-7.4.0.jar;D:\Maven\maven\org\apache\lucene\lucene-spatial-extras\7.4.0\lucene-spatial-extras-7.4.0.jar;D:\Maven\maven\org\apache\lucene\lucene-spatial3d\7.4.0\lucene-spatial3d-7.4.0.jar;D:\Maven\maven\org\apache\lucene\lucene-suggest\7.4.0\lucene-suggest-7.4.0.jar;D:\Maven\maven\org\elasticsearch\elasticsearch-cli\6.4.3\elasticsearch-cli-6.4.3.jar;D:\Maven\maven\net\sf\jopt-simple\jopt-simple\5.0.2\jopt-simple-5.0.2.jar;D:\Maven\maven\com\carrotsearch\hppc\0.7.1\hppc-0.7.1.jar;D:\Maven\maven\com\tdunning\t-digest\3.2\t-digest-3.2.jar;D:\Maven\maven\org\hdrhistogram\HdrHistogram\2.1.9\HdrHistogram-2.1.9.jar;D:\Maven\maven\org\elasticsearch\jna\4.5.1\jna-4.5.1.jar;D:\Maven\maven\org\elasticsearch\plugin\reindex-client\6.4.3\reindex-client-6.4.3.jar;D:\Maven\maven\org\elasticsearch\client\elasticsearch-rest-client\6.4.3\elasticsearch-rest-client-6.4.3.jar;D:\Maven\maven\org\apache\httpcomponents\httpasyncclient\4.1.4\httpasyncclient-4.1.4.jar;D:\Maven\maven\org\apache\httpcomponents\httpcore-nio\4.4.11\httpcore-nio-4.4.11.jar;D:\Maven\maven\org\elasticsearch\plugin\lang-mustache-client\6.4.3\lang-mustache-client-6.4.3.jar;D:\Maven\maven\com\github\spullara\mustache\java\compiler\0.9.3\compiler-0.9.3.jar;D:\Maven\maven\org\elasticsearch\plugin\percolator-client\6.4.3\percolator-client-6.4.3.jar;D:\Maven\maven\org\elasticsearch\plugin\parent-join-client\6.4.3\parent-join-client-6.4.3.jar;D:\Maven\maven\org\elasticsearch\plugin\rank-eval-client\6.4.3\rank-eval-client-6.4.3.jar;D:\Maven\maven\org\elasticsearch\plugin\transport-netty4-client\6.4.3\transport-netty4-client-6.4.3.jar;D:\Maven\maven\io\netty\netty-codec-http\4.1.36.Final\netty-codec-http-4.1.36.Final.jar;D:\Maven\maven\io\goeasy\goeasy-sdk\0.3.8\goeasy-sdk-0.3.8.jar;"/>
    <property name="java.vm.vendor" value="Oracle Corporation"/>
    <property name="sun.arch.data.model" value="64"/>
    <property name="user.variant" value=""/>
    <property name="java.vendor.url" value="http://java.oracle.com/"/>
    <property name="user.timezone" value="Asia/Shanghai"/>
    <property name="java.vm.specification.version" value="1.8"/>
    <property name="os.name" value="Windows 10"/>
    <property name="user.country" value="CN"/>
    <property name="sun.java.launcher" value="SUN_STANDARD"/>
    <property name="sun.boot.library.path" value="C:\Program Files\Java\jdk1.8.0_121\jre\bin"/>
    <property name="sun.java.command" value="C:\Users\86184\AppData\Local\Temp\surefire5113086929970515710\surefirebooter957628058684526683.jar C:\Users\86184\AppData\Local\Temp\surefire5113086929970515710 2020-04-20T10-43-21_893-jvmRun1 surefire6736018014259582261tmp surefire_05742045602835167737tmp"/>
    <property name="surefire.test.class.path" value="D:\haikeyi\Bcc_Work\name\yingxue\target\test-classes;D:\haikeyi\Bcc_Work\name\yingxue\target\classes;D:\Maven\maven\org\springframework\boot\spring-boot-starter-web\2.1.6.RELEASE\spring-boot-starter-web-2.1.6.RELEASE.jar;D:\Maven\maven\org\springframework\boot\spring-boot-starter\2.1.6.RELEASE\spring-boot-starter-2.1.6.RELEASE.jar;D:\Maven\maven\org\springframework\boot\spring-boot\2.1.6.RELEASE\spring-boot-2.1.6.RELEASE.jar;D:\Maven\maven\org\springframework\boot\spring-boot-autoconfigure\2.1.6.RELEASE\spring-boot-autoconfigure-2.1.6.RELEASE.jar;D:\Maven\maven\org\springframework\boot\spring-boot-starter-logging\2.1.6.RELEASE\spring-boot-starter-logging-2.1.6.RELEASE.jar;D:\Maven\maven\ch\qos\logback\logback-classic\1.2.3\logback-classic-1.2.3.jar;D:\Maven\maven\ch\qos\logback\logback-core\1.2.3\logback-core-1.2.3.jar;D:\Maven\maven\org\apache\logging\log4j\log4j-to-slf4j\2.11.2\log4j-to-slf4j-2.11.2.jar;D:\Maven\maven\org\apache\logging\log4j\log4j-api\2.11.2\log4j-api-2.11.2.jar;D:\Maven\maven\org\slf4j\jul-to-slf4j\1.7.26\jul-to-slf4j-1.7.26.jar;D:\Maven\maven\javax\annotation\javax.annotation-api\1.3.2\javax.annotation-api-1.3.2.jar;D:\Maven\maven\org\yaml\snakeyaml\1.23\snakeyaml-1.23.jar;D:\Maven\maven\org\springframework\boot\spring-boot-starter-json\2.1.6.RELEASE\spring-boot-starter-json-2.1.6.RELEASE.jar;D:\Maven\maven\com\fasterxml\jackson\datatype\jackson-datatype-jdk8\2.9.9\jackson-datatype-jdk8-2.9.9.jar;D:\Maven\maven\com\fasterxml\jackson\datatype\jackson-datatype-jsr310\2.9.9\jackson-datatype-jsr310-2.9.9.jar;D:\Maven\maven\com\fasterxml\jackson\module\jackson-module-parameter-names\2.9.9\jackson-module-parameter-names-2.9.9.jar;D:\Maven\maven\org\springframework\boot\spring-boot-starter-tomcat\2.1.6.RELEASE\spring-boot-starter-tomcat-2.1.6.RELEASE.jar;D:\Maven\maven\org\apache\tomcat\embed\tomcat-embed-websocket\9.0.21\tomcat-embed-websocket-9.0.21.jar;D:\Maven\maven\org\hibernate\validator\hibernate-validator\6.0.17.Final\hibernate-validator-6.0.17.Final.jar;D:\Maven\maven\org\jboss\logging\jboss-logging\3.3.2.Final\jboss-logging-3.3.2.Final.jar;D:\Maven\maven\com\fasterxml\classmate\1.4.0\classmate-1.4.0.jar;D:\Maven\maven\org\springframework\spring-web\5.1.8.RELEASE\spring-web-5.1.8.RELEASE.jar;D:\Maven\maven\org\springframework\spring-beans\5.1.8.RELEASE\spring-beans-5.1.8.RELEASE.jar;D:\Maven\maven\org\springframework\spring-webmvc\5.1.8.RELEASE\spring-webmvc-5.1.8.RELEASE.jar;D:\Maven\maven\org\springframework\spring-context\5.1.8.RELEASE\spring-context-5.1.8.RELEASE.jar;D:\Maven\maven\org\springframework\spring-expression\5.1.8.RELEASE\spring-expression-5.1.8.RELEASE.jar;D:\Maven\maven\org\springframework\boot\spring-boot-starter-test\2.1.6.RELEASE\spring-boot-starter-test-2.1.6.RELEASE.jar;D:\Maven\maven\org\springframework\boot\spring-boot-test\2.1.6.RELEASE\spring-boot-test-2.1.6.RELEASE.jar;D:\Maven\maven\org\springframework\boot\spring-boot-test-autoconfigure\2.1.6.RELEASE\spring-boot-test-autoconfigure-2.1.6.RELEASE.jar;D:\Maven\maven\com\jayway\jsonpath\json-path\2.4.0\json-path-2.4.0.jar;D:\Maven\maven\net\minidev\json-smart\2.3\json-smart-2.3.jar;D:\Maven\maven\net\minidev\accessors-smart\1.2\accessors-smart-1.2.jar;D:\Maven\maven\org\ow2\asm\asm\5.0.4\asm-5.0.4.jar;D:\Maven\maven\junit\junit\4.12\junit-4.12.jar;D:\Maven\maven\org\assertj\assertj-core\3.11.1\assertj-core-3.11.1.jar;D:\Maven\maven\org\mockito\mockito-core\2.23.4\mockito-core-2.23.4.jar;D:\Maven\maven\net\bytebuddy\byte-buddy\1.9.13\byte-buddy-1.9.13.jar;D:\Maven\maven\net\bytebuddy\byte-buddy-agent\1.9.13\byte-buddy-agent-1.9.13.jar;D:\Maven\maven\org\objenesis\objenesis\2.6\objenesis-2.6.jar;D:\Maven\maven\org\hamcrest\hamcrest-core\1.3\hamcrest-core-1.3.jar;D:\Maven\maven\org\hamcrest\hamcrest-library\1.3\hamcrest-library-1.3.jar;D:\Maven\maven\org\skyscreamer\jsonassert\1.5.0\jsonassert-1.5.0.jar;D:\Maven\maven\com\vaadin\external\google\android-json\0.0.20131108.vaadin1\android-json-0.0.20131108.vaadin1.jar;D:\Maven\maven\org\springframework\spring-core\5.1.8.RELEASE\spring-core-5.1.8.RELEASE.jar;D:\Maven\maven\org\springframework\spring-jcl\5.1.8.RELEASE\spring-jcl-5.1.8.RELEASE.jar;D:\Maven\maven\org\springframework\spring-test\5.1.8.RELEASE\spring-test-5.1.8.RELEASE.jar;D:\Maven\maven\org\xmlunit\xmlunit-core\2.6.2\xmlunit-core-2.6.2.jar;D:\Maven\maven\org\projectlombok\lombok\1.18.8\lombok-1.18.8.jar;D:\Maven\maven\org\mybatis\spring\boot\mybatis-spring-boot-starter\1.3.2\mybatis-spring-boot-starter-1.3.2.jar;D:\Maven\maven\org\springframework\boot\spring-boot-starter-jdbc\2.1.6.RELEASE\spring-boot-starter-jdbc-2.1.6.RELEASE.jar;D:\Maven\maven\com\zaxxer\HikariCP\3.2.0\HikariCP-3.2.0.jar;D:\Maven\maven\org\springframework\spring-jdbc\5.1.8.RELEASE\spring-jdbc-5.1.8.RELEASE.jar;D:\Maven\maven\org\mybatis\spring\boot\mybatis-spring-boot-autoconfigure\1.3.2\mybatis-spring-boot-autoconfigure-1.3.2.jar;D:\Maven\maven\org\mybatis\mybatis-spring\1.3.2\mybatis-spring-1.3.2.jar;D:\Maven\maven\com\alibaba\druid\1.1.21\druid-1.1.21.jar;D:\Maven\maven\mysql\mysql-connector-java\5.1.47\mysql-connector-java-5.1.47.jar;D:\Maven\maven\org\mybatis\mybatis\3.4.6\mybatis-3.4.6.jar;D:\Maven\maven\org\apache\tomcat\embed\tomcat-embed-jasper\8.5.23\tomcat-embed-jasper-8.5.23.jar;D:\Maven\maven\org\apache\tomcat\embed\tomcat-embed-core\9.0.21\tomcat-embed-core-9.0.21.jar;D:\Maven\maven\org\apache\tomcat\tomcat-annotations-api\9.0.21\tomcat-annotations-api-9.0.21.jar;D:\Maven\maven\org\apache\tomcat\embed\tomcat-embed-el\9.0.21\tomcat-embed-el-9.0.21.jar;D:\Maven\maven\org\eclipse\jdt\ecj\3.12.3\ecj-3.12.3.jar;D:\Maven\maven\com\fasterxml\jackson\core\jackson-databind\2.9.8\jackson-databind-2.9.8.jar;D:\Maven\maven\com\fasterxml\jackson\core\jackson-annotations\2.9.0\jackson-annotations-2.9.0.jar;D:\Maven\maven\com\fasterxml\jackson\core\jackson-core\2.9.9\jackson-core-2.9.9.jar;D:\Maven\maven\jstl\jstl\1.2\jstl-1.2.jar;D:\Maven\maven\com\alibaba\fastjson\1.2.47\fastjson-1.2.47.jar;D:\Maven\maven\org\apache\commons\commons-lang3\3.6\commons-lang3-3.6.jar;D:\Maven\maven\commons-io\commons-io\2.6\commons-io-2.6.jar;D:\Maven\maven\commons-fileupload\commons-fileupload\1.3.3\commons-fileupload-1.3.3.jar;D:\Maven\maven\org\mybatis\generator\mybatis-generator-core\1.3.5\mybatis-generator-core-1.3.5.jar;D:\Maven\maven\tk\mybatis\mapper-spring-boot-starter\2.1.5\mapper-spring-boot-starter-2.1.5.jar;D:\Maven\maven\tk\mybatis\mapper-core\1.1.5\mapper-core-1.1.5.jar;D:\Maven\maven\javax\persistence\persistence-api\1.0\persistence-api-1.0.jar;D:\Maven\maven\tk\mybatis\mapper-base\1.1.5\mapper-base-1.1.5.jar;D:\Maven\maven\tk\mybatis\mapper-weekend\1.1.5\mapper-weekend-1.1.5.jar;D:\Maven\maven\tk\mybatis\mapper-spring\1.1.5\mapper-spring-1.1.5.jar;D:\Maven\maven\tk\mybatis\mapper-extra\1.1.5\mapper-extra-1.1.5.jar;D:\Maven\maven\tk\mybatis\mapper-spring-boot-autoconfigure\2.1.5\mapper-spring-boot-autoconfigure-2.1.5.jar;D:\Maven\maven\com\aliyun\oss\aliyun-sdk-oss\3.8.0\aliyun-sdk-oss-3.8.0.jar;D:\Maven\maven\org\apache\httpcomponents\httpclient\4.5.9\httpclient-4.5.9.jar;D:\Maven\maven\org\apache\httpcomponents\httpcore\4.4.11\httpcore-4.4.11.jar;D:\Maven\maven\commons-codec\commons-codec\1.11\commons-codec-1.11.jar;D:\Maven\maven\org\jdom\jdom\1.1\jdom-1.1.jar;D:\Maven\maven\org\codehaus\jettison\jettison\1.1\jettison-1.1.jar;D:\Maven\maven\stax\stax-api\1.0.1\stax-api-1.0.1.jar;D:\Maven\maven\com\aliyun\aliyun-java-sdk-ram\3.0.0\aliyun-java-sdk-ram-3.0.0.jar;D:\Maven\maven\com\aliyun\aliyun-java-sdk-sts\3.0.0\aliyun-java-sdk-sts-3.0.0.jar;D:\Maven\maven\com\aliyun\aliyun-java-sdk-ecs\4.2.0\aliyun-java-sdk-ecs-4.2.0.jar;D:\Maven\maven\org\bytedeco\javacv\0.8\javacv-0.8.jar;D:\Maven\maven\org\bytedeco\javacpp\0.8\javacpp-0.8.jar;D:\Maven\maven\org\bytedeco\javacpp-presets\opencv\2.4.9-0.8\opencv-2.4.9-0.8.jar;D:\Maven\maven\org\bytedeco\javacpp-presets\ffmpeg\2.2.1-0.8\ffmpeg-2.2.1-0.8.jar;D:\Maven\maven\org\bytedeco\javacpp-presets\flycapture\1.7.17-0.8\flycapture-1.7.17-0.8.jar;D:\Maven\maven\org\bytedeco\javacpp-presets\libdc1394\2.2.2-0.8\libdc1394-2.2.2-0.8.jar;D:\Maven\maven\org\bytedeco\javacpp-presets\libfreenect\0.4-0.8\libfreenect-0.4-0.8.jar;D:\Maven\maven\org\bytedeco\javacpp-presets\videoinput\0.200-0.8\videoinput-0.200-0.8.jar;D:\Maven\maven\org\bytedeco\javacpp-presets\artoolkitplus\2.3.0-0.8\artoolkitplus-2.3.0-0.8.jar;D:\Maven\maven\org\bytedeco\javacpp-presets\opencv\2.4.9-0.8\opencv-2.4.9-0.8-windows-x86_64.jar;D:\Maven\maven\org\bytedeco\javacpp-presets\ffmpeg\2.2.1-0.8\ffmpeg-2.2.1-0.8-windows-x86_64.jar;D:\Maven\maven\org\bytedeco\javacpp-presets\flycapture\1.7.17-0.8\flycapture-1.7.17-0.8-windows-x86_64.jar;D:\Maven\maven\org\bytedeco\javacpp-presets\libdc1394\2.2.2-0.8\libdc1394-2.2.2-0.8-windows-x86_64.jar;D:\Maven\maven\org\bytedeco\javacpp-presets\libfreenect\0.4-0.8\libfreenect-0.4-0.8-windows-x86_64.jar;D:\Maven\maven\org\bytedeco\javacpp-presets\videoinput\0.200-0.8\videoinput-0.200-0.8-windows-x86_64.jar;D:\Maven\maven\org\bytedeco\javacpp-presets\artoolkitplus\2.3.0-0.8\artoolkitplus-2.3.0-0.8-windows-x86_64.jar;D:\Maven\maven\com\aliyun\aliyun-java-sdk-core\4.0.6\aliyun-java-sdk-core-4.0.6.jar;D:\Maven\maven\com\google\code\gson\gson\2.8.5\gson-2.8.5.jar;D:\Maven\maven\javax\xml\bind\jaxb-api\2.3.1\jaxb-api-2.3.1.jar;D:\Maven\maven\javax\activation\javax.activation-api\1.2.0\javax.activation-api-1.2.0.jar;D:\Maven\maven\com\sun\xml\bind\jaxb-core\2.1.14\jaxb-core-2.1.14.jar;D:\Maven\maven\com\sun\xml\bind\jaxb-impl\2.1\jaxb-impl-2.1.jar;D:\Maven\maven\javax\activation\activation\1.1.1\activation-1.1.1.jar;D:\Maven\maven\com\aliyun\aliyun-java-sdk-dysmsapi\1.1.0\aliyun-java-sdk-dysmsapi-1.1.0.jar;D:\Maven\maven\cn\afterturn\easypoi-base\4.0.0\easypoi-base-4.0.0.jar;D:\Maven\maven\org\apache\poi\poi\4.0.0\poi-4.0.0.jar;D:\Maven\maven\org\apache\commons\commons-collections4\4.2\commons-collections4-4.2.jar;D:\Maven\maven\org\apache\poi\poi-ooxml\4.0.0\poi-ooxml-4.0.0.jar;D:\Maven\maven\org\apache\commons\commons-compress\1.18\commons-compress-1.18.jar;D:\Maven\maven\com\github\virtuald\curvesapi\1.04\curvesapi-1.04.jar;D:\Maven\maven\org\apache\poi\poi-ooxml-schemas\4.0.0\poi-ooxml-schemas-4.0.0.jar;D:\Maven\maven\org\apache\xmlbeans\xmlbeans\3.0.1\xmlbeans-3.0.1.jar;D:\Maven\maven\com\google\guava\guava\16.0.1\guava-16.0.1.jar;D:\Maven\maven\ognl\ognl\3.2.6\ognl-3.2.6.jar;D:\Maven\maven\org\javassist\javassist\3.20.0-GA\javassist-3.20.0-GA.jar;D:\Maven\maven\org\slf4j\slf4j-api\1.7.26\slf4j-api-1.7.26.jar;D:\Maven\maven\javax\validation\validation-api\2.0.1.Final\validation-api-2.0.1.Final.jar;D:\Maven\maven\cn\afterturn\easypoi-web\4.0.0\easypoi-web-4.0.0.jar;D:\Maven\maven\cn\afterturn\easypoi-annotation\4.0.0\easypoi-annotation-4.0.0.jar;D:\Maven\maven\org\springframework\boot\spring-boot-starter-data-redis\2.1.6.RELEASE\spring-boot-starter-data-redis-2.1.6.RELEASE.jar;D:\Maven\maven\org\springframework\data\spring-data-redis\2.1.9.RELEASE\spring-data-redis-2.1.9.RELEASE.jar;D:\Maven\maven\org\springframework\data\spring-data-keyvalue\2.1.9.RELEASE\spring-data-keyvalue-2.1.9.RELEASE.jar;D:\Maven\maven\org\springframework\spring-tx\5.1.8.RELEASE\spring-tx-5.1.8.RELEASE.jar;D:\Maven\maven\org\springframework\spring-oxm\5.1.8.RELEASE\spring-oxm-5.1.8.RELEASE.jar;D:\Maven\maven\org\springframework\spring-context-support\5.1.8.RELEASE\spring-context-support-5.1.8.RELEASE.jar;D:\Maven\maven\io\lettuce\lettuce-core\5.1.7.RELEASE\lettuce-core-5.1.7.RELEASE.jar;D:\Maven\maven\io\netty\netty-common\4.1.36.Final\netty-common-4.1.36.Final.jar;D:\Maven\maven\io\netty\netty-handler\4.1.36.Final\netty-handler-4.1.36.Final.jar;D:\Maven\maven\io\netty\netty-buffer\4.1.36.Final\netty-buffer-4.1.36.Final.jar;D:\Maven\maven\io\netty\netty-codec\4.1.36.Final\netty-codec-4.1.36.Final.jar;D:\Maven\maven\io\netty\netty-transport\4.1.36.Final\netty-transport-4.1.36.Final.jar;D:\Maven\maven\io\netty\netty-resolver\4.1.36.Final\netty-resolver-4.1.36.Final.jar;D:\Maven\maven\io\projectreactor\reactor-core\3.2.10.RELEASE\reactor-core-3.2.10.RELEASE.jar;D:\Maven\maven\org\reactivestreams\reactive-streams\1.0.2\reactive-streams-1.0.2.jar;D:\Maven\maven\org\springframework\boot\spring-boot-starter-aop\2.1.6.RELEASE\spring-boot-starter-aop-2.1.6.RELEASE.jar;D:\Maven\maven\org\springframework\spring-aop\5.1.8.RELEASE\spring-aop-5.1.8.RELEASE.jar;D:\Maven\maven\org\aspectj\aspectjweaver\1.9.4\aspectjweaver-1.9.4.jar;D:\Maven\maven\org\springframework\boot\spring-boot-starter-data-elasticsearch\2.1.6.RELEASE\spring-boot-starter-data-elasticsearch-2.1.6.RELEASE.jar;D:\Maven\maven\org\springframework\data\spring-data-elasticsearch\3.1.9.RELEASE\spring-data-elasticsearch-3.1.9.RELEASE.jar;D:\Maven\maven\org\springframework\data\spring-data-commons\2.1.9.RELEASE\spring-data-commons-2.1.9.RELEASE.jar;D:\Maven\maven\joda-time\joda-time\2.10.2\joda-time-2.10.2.jar;D:\Maven\maven\org\elasticsearch\client\transport\6.4.3\transport-6.4.3.jar;D:\Maven\maven\org\elasticsearch\elasticsearch\6.4.3\elasticsearch-6.4.3.jar;D:\Maven\maven\org\elasticsearch\elasticsearch-core\6.4.3\elasticsearch-core-6.4.3.jar;D:\Maven\maven\org\elasticsearch\elasticsearch-secure-sm\6.4.3\elasticsearch-secure-sm-6.4.3.jar;D:\Maven\maven\org\elasticsearch\elasticsearch-x-content\6.4.3\elasticsearch-x-content-6.4.3.jar;D:\Maven\maven\com\fasterxml\jackson\dataformat\jackson-dataformat-smile\2.9.9\jackson-dataformat-smile-2.9.9.jar;D:\Maven\maven\com\fasterxml\jackson\dataformat\jackson-dataformat-yaml\2.9.9\jackson-dataformat-yaml-2.9.9.jar;D:\Maven\maven\com\fasterxml\jackson\dataformat\jackson-dataformat-cbor\2.9.9\jackson-dataformat-cbor-2.9.9.jar;D:\Maven\maven\org\apache\lucene\lucene-core\7.4.0\lucene-core-7.4.0.jar;D:\Maven\maven\org\apache\lucene\lucene-analyzers-common\7.4.0\lucene-analyzers-common-7.4.0.jar;D:\Maven\maven\org\apache\lucene\lucene-backward-codecs\7.4.0\lucene-backward-codecs-7.4.0.jar;D:\Maven\maven\org\apache\lucene\lucene-grouping\7.4.0\lucene-grouping-7.4.0.jar;D:\Maven\maven\org\apache\lucene\lucene-highlighter\7.4.0\lucene-highlighter-7.4.0.jar;D:\Maven\maven\org\apache\lucene\lucene-join\7.4.0\lucene-join-7.4.0.jar;D:\Maven\maven\org\apache\lucene\lucene-memory\7.4.0\lucene-memory-7.4.0.jar;D:\Maven\maven\org\apache\lucene\lucene-misc\7.4.0\lucene-misc-7.4.0.jar;D:\Maven\maven\org\apache\lucene\lucene-queries\7.4.0\lucene-queries-7.4.0.jar;D:\Maven\maven\org\apache\lucene\lucene-queryparser\7.4.0\lucene-queryparser-7.4.0.jar;D:\Maven\maven\org\apache\lucene\lucene-sandbox\7.4.0\lucene-sandbox-7.4.0.jar;D:\Maven\maven\org\apache\lucene\lucene-spatial\7.4.0\lucene-spatial-7.4.0.jar;D:\Maven\maven\org\apache\lucene\lucene-spatial-extras\7.4.0\lucene-spatial-extras-7.4.0.jar;D:\Maven\maven\org\apache\lucene\lucene-spatial3d\7.4.0\lucene-spatial3d-7.4.0.jar;D:\Maven\maven\org\apache\lucene\lucene-suggest\7.4.0\lucene-suggest-7.4.0.jar;D:\Maven\maven\org\elasticsearch\elasticsearch-cli\6.4.3\elasticsearch-cli-6.4.3.jar;D:\Maven\maven\net\sf\jopt-simple\jopt-simple\5.0.2\jopt-simple-5.0.2.jar;D:\Maven\maven\com\carrotsearch\hppc\0.7.1\hppc-0.7.1.jar;D:\Maven\maven\com\tdunning\t-digest\3.2\t-digest-3.2.jar;D:\Maven\maven\org\hdrhistogram\HdrHistogram\2.1.9\HdrHistogram-2.1.9.jar;D:\Maven\maven\org\elasticsearch\jna\4.5.1\jna-4.5.1.jar;D:\Maven\maven\org\elasticsearch\plugin\reindex-client\6.4.3\reindex-client-6.4.3.jar;D:\Maven\maven\org\elasticsearch\client\elasticsearch-rest-client\6.4.3\elasticsearch-rest-client-6.4.3.jar;D:\Maven\maven\org\apache\httpcomponents\httpasyncclient\4.1.4\httpasyncclient-4.1.4.jar;D:\Maven\maven\org\apache\httpcomponents\httpcore-nio\4.4.11\httpcore-nio-4.4.11.jar;D:\Maven\maven\org\elasticsearch\plugin\lang-mustache-client\6.4.3\lang-mustache-client-6.4.3.jar;D:\Maven\maven\com\github\spullara\mustache\java\compiler\0.9.3\compiler-0.9.3.jar;D:\Maven\maven\org\elasticsearch\plugin\percolator-client\6.4.3\percolator-client-6.4.3.jar;D:\Maven\maven\org\elasticsearch\plugin\parent-join-client\6.4.3\parent-join-client-6.4.3.jar;D:\Maven\maven\org\elasticsearch\plugin\rank-eval-client\6.4.3\rank-eval-client-6.4.3.jar;D:\Maven\maven\org\elasticsearch\plugin\transport-netty4-client\6.4.3\transport-netty4-client-6.4.3.jar;D:\Maven\maven\io\netty\netty-codec-http\4.1.36.Final\netty-codec-http-4.1.36.Final.jar;D:\Maven\maven\io\goeasy\goeasy-sdk\0.3.8\goeasy-sdk-0.3.8.jar;"/>
    <property name="sun.cpu.endian" value="little"/>
    <property name="user.home" value="C:\Users\86184"/>
    <property name="user.language" value="zh"/>
    <property name="java.specification.vendor" value="Oracle Corporation"/>
    <property name="java.home" value="C:\Program Files\Java\jdk1.8.0_121\jre"/>
    <property name="basedir" value="D:\haikeyi\Bcc_Work\name\yingxue"/>
    <property name="file.separator" value="\"/>
    <property name="line.separator" value="&#10;"/>
    <property name="java.vm.specification.vendor" value="Oracle Corporation"/>
    <property name="java.specification.name" value="Java Platform API Specification"/>
    <property name="java.awt.graphicsenv" value="sun.awt.Win32GraphicsEnvironment"/>
    <property name="surefire.real.class.path" value="C:\Users\86184\AppData\Local\Temp\surefire5113086929970515710\surefirebooter957628058684526683.jar"/>
    <property name="sun.boot.class.path" value="C:\Program Files\Java\jdk1.8.0_121\jre\lib\resources.jar;C:\Program Files\Java\jdk1.8.0_121\jre\lib\rt.jar;C:\Program Files\Java\jdk1.8.0_121\jre\lib\sunrsasign.jar;C:\Program Files\Java\jdk1.8.0_121\jre\lib\jsse.jar;C:\Program Files\Java\jdk1.8.0_121\jre\lib\jce.jar;C:\Program Files\Java\jdk1.8.0_121\jre\lib\charsets.jar;C:\Program Files\Java\jdk1.8.0_121\jre\lib\jfr.jar;C:\Program Files\Java\jdk1.8.0_121\jre\classes"/>
    <property name="user.script" value=""/>
    <property name="sun.management.compiler" value="HotSpot 64-Bit Tiered Compilers"/>
    <property name="java.runtime.version" value="1.8.0_121-b13"/>
    <property name="user.name" value="86184"/>
    <property name="path.separator" value=";"/>
    <property name="os.version" value="10.0"/>
    <property name="java.endorsed.dirs" value="C:\Program Files\Java\jdk1.8.0_121\jre\lib\endorsed"/>
    <property name="java.runtime.name" value="Java(TM) SE Runtime Environment"/>
    <property name="file.encoding" value="GBK"/>
    <property name="java.vm.name" value="Java HotSpot(TM) 64-Bit Server VM"/>
    <property name="localRepository" value="D:\Maven\maven"/>
    <property name="java.vendor.url.bug" value="http://bugreport.sun.com/bugreport/"/>
    <property name="java.io.tmpdir" value="C:\Users\86184\AppData\Local\Temp\"/>
    <property name="idea.version" value="2018.3.5"/>
    <property name="java.version" value="1.8.0_121"/>
    <property name="user.dir" value="D:\haikeyi\Bcc_Work\name\yingxue"/>
    <property name="os.arch" value="amd64"/>
    <property name="java.vm.specification.name" value="Java Virtual Machine Specification"/>
    <property name="java.awt.printerjob" value="sun.awt.windows.WPrinterJob"/>
    <property name="sun.os.patch.level" value=""/>
    <property name="java.library.path" value="C:\Program Files\Java\jdk1.8.0_121\jre\bin;C:\Windows\Sun\Java\bin;C:\Windows\system32;C:\Windows;C:\Users\86184\Desktop\笔记\11__Maven\apache-maven-3.6.1-bin\apache-maven-3.6.1\bin;D:\javaOracle\app\oracle\product\10.2.0\server\bin;C:\Windows\system32;C:\Windows;C:\Windows\System32\Wbem;C:\Windows\System32\WindowsPowerShell\v1.0\;C:\Windows\System32\OpenSSH\;C:\Program Files\Java\jdk1.8.0_121\bin;C:\Program Files\Java\jre1.8.0_121\bin;.;C:\Program Files (x86)\MySQL\MySQL Server 5.5\bin;D:\SecureCRT\;C:\Users\86184\AppData\Local\Microsoft\WindowsApps;;."/>
    <property name="java.vm.info" value="mixed mode"/>
    <property name="java.vendor" value="Oracle Corporation"/>
    <property name="java.vm.version" value="25.121-b13"/>
    <property name="java.ext.dirs" value="C:\Program Files\Java\jdk1.8.0_121\jre\lib\ext;C:\Windows\Sun\Java\lib\ext"/>
    <property name="sun.io.unicode.encoding" value="UnicodeLittle"/>
    <property name="maven.repo.local" value="D:\Maven\maven"/>
    <property name="java.class.version" value="52.0"/>
  </properties>
  <testcase name="testQuery" classname="com.ss.RedisTest" time="15.014">
    <error message="Unable to connect to Redis; nested exception is io.lettuce.core.RedisConnectionException: Unable to connect to 192.168.226.8:6666" type="org.springframework.data.redis.RedisConnectionFailureException">org.springframework.data.redis.RedisConnectionFailureException: Unable to connect to Redis; nested exception is io.lettuce.core.RedisConnectionException: Unable to connect to 192.168.226.8:6666
	at com.ss.RedisTest.testQuery(RedisTest.java:27)
Caused by: io.lettuce.core.RedisConnectionException: Unable to connect to 192.168.226.8:6666
	at com.ss.RedisTest.testQuery(RedisTest.java:27)
Caused by: io.netty.channel.ConnectTimeoutException: connection timed out: /192.168.226.8:6666
</error>
    <system-out><![CDATA[10:43:35.030 [main] DEBUG org.springframework.test.context.junit4.SpringJUnit4ClassRunner - SpringJUnit4ClassRunner constructor called with [class com.ss.RedisTest]
10:43:35.034 [main] DEBUG org.springframework.test.context.BootstrapUtils - Instantiating CacheAwareContextLoaderDelegate from class [org.springframework.test.context.cache.DefaultCacheAwareContextLoaderDelegate]
10:43:35.045 [main] DEBUG org.springframework.test.context.BootstrapUtils - Instantiating BootstrapContext using constructor [public org.springframework.test.context.support.DefaultBootstrapContext(java.lang.Class,org.springframework.test.context.CacheAwareContextLoaderDelegate)]
10:43:35.069 [main] DEBUG org.springframework.test.context.BootstrapUtils - Instantiating TestContextBootstrapper for test class [com.ss.RedisTest] from class [org.springframework.boot.test.context.SpringBootTestContextBootstrapper]
10:43:35.088 [main] INFO org.springframework.boot.test.context.SpringBootTestContextBootstrapper - Neither @ContextConfiguration nor @ContextHierarchy found for test class [com.ss.RedisTest], using SpringBootContextLoader
10:43:35.092 [main] DEBUG org.springframework.test.context.support.AbstractContextLoader - Did not detect default resource location for test class [com.ss.RedisTest]: class path resource [com/ss/RedisTest-context.xml] does not exist
10:43:35.093 [main] DEBUG org.springframework.test.context.support.AbstractContextLoader - Did not detect default resource location for test class [com.ss.RedisTest]: class path resource [com/ss/RedisTestContext.groovy] does not exist
10:43:35.093 [main] INFO org.springframework.test.context.support.AbstractContextLoader - Could not detect default resource locations for test class [com.ss.RedisTest]: no resource found for suffixes {-context.xml, Context.groovy}.
10:43:35.094 [main] INFO org.springframework.test.context.support.AnnotationConfigContextLoaderUtils - Could not detect default configuration classes for test class [com.ss.RedisTest]: RedisTest does not declare any static, non-private, non-final, nested classes annotated with @Configuration.
10:43:35.175 [main] DEBUG org.springframework.test.context.support.ActiveProfilesUtils - Could not find an 'annotation declaring class' for annotation type [org.springframework.test.context.ActiveProfiles] and class [com.ss.RedisTest]
10:43:35.303 [main] DEBUG org.springframework.context.annotation.ClassPathScanningCandidateComponentProvider - Identified candidate component class: file [D:\haikeyi\Bcc_Work\name\yingxue\target\classes\com\ss\YingxueApplication.class]
10:43:35.306 [main] INFO org.springframework.boot.test.context.SpringBootTestContextBootstrapper - Found @SpringBootConfiguration com.ss.YingxueApplication for test class com.ss.RedisTest
10:43:35.530 [main] DEBUG org.springframework.boot.test.context.SpringBootTestContextBootstrapper - @TestExecutionListeners is not present for class [com.ss.RedisTest]: using defaults.
10:43:35.531 [main] INFO org.springframework.boot.test.context.SpringBootTestContextBootstrapper - Loaded default TestExecutionListener class names from location [META-INF/spring.factories]: [org.springframework.boot.test.mock.mockito.MockitoTestExecutionListener, org.springframework.boot.test.mock.mockito.ResetMocksTestExecutionListener, org.springframework.boot.test.autoconfigure.restdocs.RestDocsTestExecutionListener, org.springframework.boot.test.autoconfigure.web.client.MockRestServiceServerResetTestExecutionListener, org.springframework.boot.test.autoconfigure.web.servlet.MockMvcPrintOnlyOnFailureTestExecutionListener, org.springframework.boot.test.autoconfigure.web.servlet.WebDriverTestExecutionListener, org.springframework.test.context.web.ServletTestExecutionListener, org.springframework.test.context.support.DirtiesContextBeforeModesTestExecutionListener, org.springframework.test.context.support.DependencyInjectionTestExecutionListener, org.springframework.test.context.support.DirtiesContextTestExecutionListener, org.springframework.test.context.transaction.TransactionalTestExecutionListener, org.springframework.test.context.jdbc.SqlScriptsTestExecutionListener]
10:43:35.584 [main] INFO org.springframework.boot.test.context.SpringBootTestContextBootstrapper - Using TestExecutionListeners: [org.springframework.test.context.web.ServletTestExecutionListener@22d7b4f8, org.springframework.test.context.support.DirtiesContextBeforeModesTestExecutionListener@149dd36b, org.springframework.boot.test.mock.mockito.MockitoTestExecutionListener@38831718, org.springframework.boot.test.autoconfigure.SpringBootDependencyInjectionTestExecutionListener@2c1156a7, org.springframework.test.context.support.DirtiesContextTestExecutionListener@33fe57a9, org.springframework.test.context.transaction.TransactionalTestExecutionListener@4982cc36, org.springframework.test.context.jdbc.SqlScriptsTestExecutionListener@691939c9, org.springframework.boot.test.mock.mockito.ResetMocksTestExecutionListener@4f1bfe23, org.springframework.boot.test.autoconfigure.restdocs.RestDocsTestExecutionListener@e19bb76, org.springframework.boot.test.autoconfigure.web.client.MockRestServiceServerResetTestExecutionListener@512535ff, org.springframework.boot.test.autoconfigure.web.servlet.MockMvcPrintOnlyOnFailureTestExecutionListener@71529963, org.springframework.boot.test.autoconfigure.web.servlet.WebDriverTestExecutionListener@61a88b8c]
10:43:35.588 [main] DEBUG org.springframework.test.annotation.ProfileValueUtils - Retrieved @ProfileValueSourceConfiguration [null] for test class [com.ss.RedisTest]
10:43:35.589 [main] DEBUG org.springframework.test.annotation.ProfileValueUtils - Retrieved ProfileValueSource type [class org.springframework.test.annotation.SystemProfileValueSource] for class [com.ss.RedisTest]
10:43:35.590 [main] DEBUG org.springframework.test.annotation.ProfileValueUtils - Retrieved @ProfileValueSourceConfiguration [null] for test class [com.ss.RedisTest]
10:43:35.590 [main] DEBUG org.springframework.test.annotation.ProfileValueUtils - Retrieved ProfileValueSource type [class org.springframework.test.annotation.SystemProfileValueSource] for class [com.ss.RedisTest]
10:43:35.590 [main] DEBUG org.springframework.test.annotation.ProfileValueUtils - Retrieved @ProfileValueSourceConfiguration [null] for test class [com.ss.RedisTest]
10:43:35.590 [main] DEBUG org.springframework.test.annotation.ProfileValueUtils - Retrieved ProfileValueSource type [class org.springframework.test.annotation.SystemProfileValueSource] for class [com.ss.RedisTest]
10:43:35.601 [main] DEBUG org.springframework.test.context.support.AbstractDirtiesContextTestExecutionListener - Before test class: context [DefaultTestContext@63798ca7 testClass = RedisTest, testInstance = [null], testMethod = [null], testException = [null], mergedContextConfiguration = [WebMergedContextConfiguration@4612b856 testClass = RedisTest, locations = '{}', classes = '{class com.ss.YingxueApplication}', contextInitializerClasses = '[]', activeProfiles = '{}', propertySourceLocations = '{}', propertySourceProperties = '{org.springframework.boot.test.context.SpringBootTestContextBootstrapper=true}', contextCustomizers = set[org.springframework.boot.test.context.filter.ExcludeFilterContextCustomizer@57bc27f5, org.springframework.boot.test.json.DuplicateJsonObjectContextCustomizerFactory$DuplicateJsonObjectContextCustomizer@5e7cd6cc, org.springframework.boot.test.mock.mockito.MockitoContextCustomizer@0, org.springframework.boot.test.web.client.TestRestTemplateContextCustomizer@16150369, org.springframework.boot.test.autoconfigure.properties.PropertyMappingContextCustomizer@0, org.springframework.boot.test.autoconfigure.web.servlet.WebDriverContextCustomizerFactory$Customizer@7eecb5b8], resourceBasePath = 'src/main/webapp', contextLoader = 'org.springframework.boot.test.context.SpringBootContextLoader', parent = [null]], attributes = map['org.springframework.test.context.web.ServletTestExecutionListener.activateListener' -> true]], class annotated with @DirtiesContext [false] with mode [null].
10:43:35.601 [main] DEBUG org.springframework.test.annotation.ProfileValueUtils - Retrieved @ProfileValueSourceConfiguration [null] for test class [com.ss.RedisTest]
10:43:35.602 [main] DEBUG org.springframework.test.annotation.ProfileValueUtils - Retrieved ProfileValueSource type [class org.springframework.test.annotation.SystemProfileValueSource] for class [com.ss.RedisTest]
10:43:35.653 [main] DEBUG org.springframework.test.context.support.TestPropertySourceUtils - Adding inlined properties to environment: {spring.jmx.enabled=false, org.springframework.boot.test.context.SpringBootTestContextBootstrapper=true, server.port=-1}



                      !                      天地山青                         !
                     /^\                        道法无常                     /^\
                   /     \                   天地无极                      /     \
   |            | (       ) |            |      乾坤戒法   |            | (       ) |            |
  /^\  |       /^\ \     / /^\       |  /^\  元阳入体     /^\  |       /^\ \     / /^\       |  /^\
  |O| /^\     (   )|-----|(   )     /^\ |O|     五毒不侵  |O| /^\     (   )|-----|(   )     /^\ |O|
  |_| |-| |^-^|---||-----||---|^-^| |-| |_|  九阳之体     |_| |-| |^-^|---||-----||---|^-^| |-| |_|
  |O| |O| |/^\|/^\||  |  ||/^\|/^\| |O| |O|     化缘神功  |O| |O| |/^\|/^\||  |  ||/^\|/^\| |O| |O|
  |-| |-| ||_|||_||| /^\ |||_|||_|| |-| |-|  邪魔退散     |-| |-| ||_|||_||| /^\ |||_|||_|| |-| |-|
  |O| |O| |/^\|/^\||(   )||/^\|/^\| |O| |O|     永不宕机  |O| |O| |/^\|/^\||(   )||/^\|/^\| |O| |O|
  |-| |-| ||_|||_||||   ||||_|||_|| |-| |-|  永无八哥     |-| |-| ||_|||_||||   ||||_|||_|| |-| |-|

2020-04-20 10:43:36.238  INFO 16024 --- [           main] com.ss.RedisTest                         : Starting RedisTest on LAPTOP-FMS98JDQ with PID 16024 (started by 86184 in D:\haikeyi\Bcc_Work\name\yingxue)
2020-04-20 10:43:36.239  INFO 16024 --- [           main] com.ss.RedisTest                         : No active profile set, falling back to default profiles: default
2020-04-20 10:43:37.520  WARN 16024 --- [           main] t.m.s.mapper.ClassPathMapperScanner      : No MyBatis mapper was found in '[com.ss]' package. Please check your configuration.
2020-04-20 10:43:37.609  INFO 16024 --- [           main] .s.d.r.c.RepositoryConfigurationDelegate : Multiple Spring Data modules found, entering strict repository configuration mode!
2020-04-20 10:43:37.615  INFO 16024 --- [           main] .s.d.r.c.RepositoryConfigurationDelegate : Bootstrapping Spring Data repositories in DEFAULT mode.
2020-04-20 10:43:37.656  INFO 16024 --- [           main] .s.d.r.c.RepositoryConfigurationDelegate : Finished Spring Data repository scanning in 32ms. Found 0 repository interfaces.
2020-04-20 10:43:37.707  INFO 16024 --- [           main] .s.d.r.c.RepositoryConfigurationDelegate : Multiple Spring Data modules found, entering strict repository configuration mode!
2020-04-20 10:43:37.711  INFO 16024 --- [           main] .s.d.r.c.RepositoryConfigurationDelegate : Bootstrapping Spring Data repositories in DEFAULT mode.
2020-04-20 10:43:37.764  INFO 16024 --- [           main] .s.d.r.c.RepositoryConfigurationDelegate : Finished Spring Data repository scanning in 19ms. Found 0 repository interfaces.
2020-04-20 10:43:38.770  INFO 16024 --- [           main] trationDelegate$BeanPostProcessorChecker : Bean 'org.springframework.transaction.annotation.ProxyTransactionManagementConfiguration' of type [org.springframework.transaction.annotation.ProxyTransactionManagementConfiguration$$EnhancerBySpringCGLIB$$6e3cad4e] is not eligible for getting processed by all BeanPostProcessors (for example: not eligible for auto-proxying)
2020-04-20 10:43:43.090  INFO 16024 --- [           main] o.s.s.concurrent.ThreadPoolTaskExecutor  : Initializing ExecutorService 'applicationTaskExecutor'
2020-04-20 10:43:43.732  INFO 16024 --- [           main] t.m.m.autoconfigure.MapperCacheDisabler  : Clear tk.mybatis.mapper.util.MsUtil CLASS_CACHE cache.
2020-04-20 10:43:43.734  INFO 16024 --- [           main] t.m.m.autoconfigure.MapperCacheDisabler  : Clear tk.mybatis.mapper.genid.GenIdUtil CACHE cache.
2020-04-20 10:43:43.736  INFO 16024 --- [           main] t.m.m.autoconfigure.MapperCacheDisabler  : Clear tk.mybatis.mapper.version.VersionUtil CACHE cache.
2020-04-20 10:43:43.740  INFO 16024 --- [           main] t.m.m.autoconfigure.MapperCacheDisabler  : Clear EntityHelper entityTableMap cache.
2020-04-20 10:43:47.923  INFO 16024 --- [           main] com.ss.RedisTest                         : Started RedisTest in 12.256 seconds (JVM running for 25.389)
2020-04-20 10:43:48.954  INFO 16024 --- [           main] io.lettuce.core.EpollProvider            : Starting without optional epoll library
2020-04-20 10:43:48.960  INFO 16024 --- [           main] io.lettuce.core.KqueueProvider           : Starting without optional kqueue library
]]></system-out>
  </testcase>
</testsuite>